2025-12-15 11:37:33,019 [INFO] Activator:178 - 


2025-12-15 11:37:33,019 [INFO] Activator:179 - !SESSION log4j initialized
2025-12-15 11:38:09,476 [INFO] ApplicationProperties:181 - Using Application install path: C:\ST\STM32CubeIDE_1.4.0\STM32CubeIDE\plugins\com.st.stm32cube.common.mx_6.0.0.202007160824
2025-12-15 11:38:09,498 [INFO] DbMcusXml:70 - Set database path to: C:\ST\STM32CubeIDE_1.4.0\STM32CubeIDE\plugins\com.st.stm32cube.common.mx_6.0.0.202007160824\\db\/mcu/
2025-12-15 11:38:09,501 [INFO] DbBoardsPdsc:56 - Set plugin database path to: C:\ST\STM32CubeIDE_1.4.0\STM32CubeIDE\plugins\com.st.stm32cube.common.mx_6.0.0.202007160824\\db\/plugins/boardmanager/
2025-12-15 11:38:09,501 [INFO] DbMcus:258 - Set plugin images path to: C:\ST\STM32CubeIDE_1.4.0\STM32CubeIDE\plugins\com.st.stm32cube.common.mx_6.0.0.202007160824\\db\/plugins/mcufinder/images/
2025-12-15 11:38:09,501 [INFO] DbBoards:264 - Set plugin images path to: C:\ST\STM32CubeIDE_1.4.0\STM32CubeIDE\plugins\com.st.stm32cube.common.mx_6.0.0.202007160824\\db\/plugins/mcufinder/images/
2025-12-15 11:38:09,501 [INFO] DbExamples:326 - Set plugin images path to: C:\ST\STM32CubeIDE_1.4.0\STM32CubeIDE\plugins\com.st.stm32cube.common.mx_6.0.0.202007160824\\db\/plugins/mcufinder/images/
2025-12-15 11:38:09,517 [INFO] DbMcusDocs:112 - Set database path to: C:\Users\RVenkatachalam.AMETEK-AD\.stmcufinder\plugins\mcufinder//mcu/
2025-12-15 11:38:09,517 [INFO] DbMcusJson:63 - Set database path to: C:\Users\RVenkatachalam.AMETEK-AD\.stmcufinder\plugins\mcufinder//mcu/
2025-12-15 11:38:09,517 [INFO] DbBoardsDocs:112 - Set database path to: C:\Users\RVenkatachalam.AMETEK-AD\.stmcufinder\plugins\mcufinder//mcu/
2025-12-15 11:38:09,517 [INFO] DbBoardsJson:56 - Set database path to: C:\Users\RVenkatachalam.AMETEK-AD\.stmcufinder\plugins\mcufinder//mcu/
2025-12-15 11:38:09,517 [INFO] CrossReferenceDbSqlite:196 - Set database path to: C:\Users\RVenkatachalam.AMETEK-AD\.stmcufinder\plugins\mcufinder//mcu/cs/
2025-12-15 11:38:09,526 [INFO] DbExamplesSqlite:800 - Set database path to: C:\Users\RVenkatachalam.AMETEK-AD\.stmcufinder\plugins\mcufinder//mcu/
2025-12-15 11:38:09,611 [INFO] RulesReader:52 - Compatibility file has been processed (209 Rules)
2025-12-15 11:38:09,705 [INFO] MicroXplorer:564 - Detected Java Version = 1.8.0_252
2025-12-15 11:38:09,705 [INFO] DbMcusXml:70 - Set database path to: C:\ST\STM32CubeIDE_1.4.0\STM32CubeIDE\plugins\com.st.stm32cube.common.mx_6.0.0.202007160824\\db\/mcu/
2025-12-15 11:38:09,705 [INFO] DbBoardsPdsc:56 - Set plugin database path to: C:\ST\STM32CubeIDE_1.4.0\STM32CubeIDE\plugins\com.st.stm32cube.common.mx_6.0.0.202007160824\\db\/plugins/boardmanager/
2025-12-15 11:38:09,705 [INFO] DbMcus:258 - Set plugin images path to: C:\ST\STM32CubeIDE_1.4.0\STM32CubeIDE\plugins\com.st.stm32cube.common.mx_6.0.0.202007160824\\db\/plugins/mcufinder/images/
2025-12-15 11:38:09,705 [INFO] DbBoards:264 - Set plugin images path to: C:\ST\STM32CubeIDE_1.4.0\STM32CubeIDE\plugins\com.st.stm32cube.common.mx_6.0.0.202007160824\\db\/plugins/mcufinder/images/
2025-12-15 11:38:09,705 [INFO] DbExamples:326 - Set plugin images path to: C:\ST\STM32CubeIDE_1.4.0\STM32CubeIDE\plugins\com.st.stm32cube.common.mx_6.0.0.202007160824\\db\/plugins/mcufinder/images/
2025-12-15 11:38:09,705 [WARN] DbFile:36 - Overriding database path with different value: C:\Users\RVenkatachalam.AMETEK-AD\.stmcufinder\plugins\mcufinder/ => C:\Users\RVenkatachalam.AMETEK-AD\.stmcufinder\plugins\mcufinder
2025-12-15 11:38:09,705 [INFO] DbMcusDocs:112 - Set database path to: C:\Users\RVenkatachalam.AMETEK-AD\.stmcufinder\plugins\mcufinder//mcu/
2025-12-15 11:38:09,705 [WARN] DbFile:36 - Overriding database path with different value: C:\Users\RVenkatachalam.AMETEK-AD\.stmcufinder\plugins\mcufinder/ => C:\Users\RVenkatachalam.AMETEK-AD\.stmcufinder\plugins\mcufinder
2025-12-15 11:38:09,705 [INFO] DbMcusJson:63 - Set database path to: C:\Users\RVenkatachalam.AMETEK-AD\.stmcufinder\plugins\mcufinder//mcu/
2025-12-15 11:38:09,705 [WARN] DbFile:36 - Overriding database path with different value: C:\Users\RVenkatachalam.AMETEK-AD\.stmcufinder\plugins\mcufinder/ => C:\Users\RVenkatachalam.AMETEK-AD\.stmcufinder\plugins\mcufinder
2025-12-15 11:38:09,705 [INFO] DbBoardsDocs:112 - Set database path to: C:\Users\RVenkatachalam.AMETEK-AD\.stmcufinder\plugins\mcufinder//mcu/
2025-12-15 11:38:09,705 [WARN] DbFile:36 - Overriding database path with different value: C:\Users\RVenkatachalam.AMETEK-AD\.stmcufinder\plugins\mcufinder/ => C:\Users\RVenkatachalam.AMETEK-AD\.stmcufinder\plugins\mcufinder
2025-12-15 11:38:09,705 [INFO] DbBoardsJson:56 - Set database path to: C:\Users\RVenkatachalam.AMETEK-AD\.stmcufinder\plugins\mcufinder//mcu/
2025-12-15 11:38:09,705 [WARN] DbFile:36 - Overriding database path with different value: C:\Users\RVenkatachalam.AMETEK-AD\.stmcufinder\plugins\mcufinder/ => C:\Users\RVenkatachalam.AMETEK-AD\.stmcufinder\plugins\mcufinder
2025-12-15 11:38:09,705 [WARN] DbFile:36 - Overriding database path with different value: C:\Users\RVenkatachalam.AMETEK-AD\.stmcufinder\plugins\mcufinder/ => C:\Users\RVenkatachalam.AMETEK-AD\.stmcufinder\plugins\mcufinder
2025-12-15 11:38:09,705 [INFO] CrossReferenceDbSqlite:196 - Set database path to: C:\Users\RVenkatachalam.AMETEK-AD\.stmcufinder\plugins\mcufinder//mcu/cs/
2025-12-15 11:38:09,705 [WARN] DbFile:36 - Overriding database path with different value: C:\Users\RVenkatachalam.AMETEK-AD\.stmcufinder\plugins\mcufinder/ => C:\Users\RVenkatachalam.AMETEK-AD\.stmcufinder\plugins\mcufinder
2025-12-15 11:38:09,705 [INFO] DbExamplesSqlite:800 - Set database path to: C:\Users\RVenkatachalam.AMETEK-AD\.stmcufinder\plugins\mcufinder//mcu/
2025-12-15 11:38:09,768 [INFO] MainPanel:189 - HeapMemory: 429916160
2025-12-15 11:38:09,847 [INFO] DbMcusXml:70 - Set database path to: C:\ST\STM32CubeIDE_1.4.0\STM32CubeIDE\plugins\com.st.stm32cube.common.mx_6.0.0.202007160824\\db\/mcu/
2025-12-15 11:38:09,862 [INFO] DbBoardsPdsc:56 - Set plugin database path to: C:\ST\STM32CubeIDE_1.4.0\STM32CubeIDE\plugins\com.st.stm32cube.common.mx_6.0.0.202007160824\\db\/plugins/boardmanager/
2025-12-15 11:38:09,862 [INFO] DbMcus:258 - Set plugin images path to: C:\ST\STM32CubeIDE_1.4.0\STM32CubeIDE\plugins\com.st.stm32cube.common.mx_6.0.0.202007160824\\db\/plugins/mcufinder/images/
2025-12-15 11:38:09,862 [INFO] DbBoards:264 - Set plugin images path to: C:\ST\STM32CubeIDE_1.4.0\STM32CubeIDE\plugins\com.st.stm32cube.common.mx_6.0.0.202007160824\\db\/plugins/mcufinder/images/
2025-12-15 11:38:09,862 [INFO] DbExamples:326 - Set plugin images path to: C:\ST\STM32CubeIDE_1.4.0\STM32CubeIDE\plugins\com.st.stm32cube.common.mx_6.0.0.202007160824\\db\/plugins/mcufinder/images/
2025-12-15 11:38:09,862 [WARN] DbFile:36 - Overriding database path with different value: C:\Users\RVenkatachalam.AMETEK-AD\.stmcufinder\plugins\mcufinder/ => C:\Users\RVenkatachalam.AMETEK-AD\.stmcufinder\plugins\mcufinder
2025-12-15 11:38:09,862 [INFO] DbMcusDocs:112 - Set database path to: C:\Users\RVenkatachalam.AMETEK-AD\.stmcufinder\plugins\mcufinder//mcu/
2025-12-15 11:38:09,862 [WARN] DbFile:36 - Overriding database path with different value: C:\Users\RVenkatachalam.AMETEK-AD\.stmcufinder\plugins\mcufinder/ => C:\Users\RVenkatachalam.AMETEK-AD\.stmcufinder\plugins\mcufinder
2025-12-15 11:38:09,862 [INFO] DbMcusJson:63 - Set database path to: C:\Users\RVenkatachalam.AMETEK-AD\.stmcufinder\plugins\mcufinder//mcu/
2025-12-15 11:38:09,862 [WARN] DbFile:36 - Overriding database path with different value: C:\Users\RVenkatachalam.AMETEK-AD\.stmcufinder\plugins\mcufinder/ => C:\Users\RVenkatachalam.AMETEK-AD\.stmcufinder\plugins\mcufinder
2025-12-15 11:38:09,862 [INFO] DbBoardsDocs:112 - Set database path to: C:\Users\RVenkatachalam.AMETEK-AD\.stmcufinder\plugins\mcufinder//mcu/
2025-12-15 11:38:09,862 [WARN] DbFile:36 - Overriding database path with different value: C:\Users\RVenkatachalam.AMETEK-AD\.stmcufinder\plugins\mcufinder/ => C:\Users\RVenkatachalam.AMETEK-AD\.stmcufinder\plugins\mcufinder
2025-12-15 11:38:09,862 [INFO] DbBoardsJson:56 - Set database path to: C:\Users\RVenkatachalam.AMETEK-AD\.stmcufinder\plugins\mcufinder//mcu/
2025-12-15 11:38:09,862 [WARN] DbFile:36 - Overriding database path with different value: C:\Users\RVenkatachalam.AMETEK-AD\.stmcufinder\plugins\mcufinder/ => C:\Users\RVenkatachalam.AMETEK-AD\.stmcufinder\plugins\mcufinder
2025-12-15 11:38:09,862 [WARN] DbFile:36 - Overriding database path with different value: C:\Users\RVenkatachalam.AMETEK-AD\.stmcufinder\plugins\mcufinder/ => C:\Users\RVenkatachalam.AMETEK-AD\.stmcufinder\plugins\mcufinder
2025-12-15 11:38:09,862 [INFO] CrossReferenceDbSqlite:196 - Set database path to: C:\Users\RVenkatachalam.AMETEK-AD\.stmcufinder\plugins\mcufinder//mcu/cs/
2025-12-15 11:38:09,862 [WARN] DbFile:36 - Overriding database path with different value: C:\Users\RVenkatachalam.AMETEK-AD\.stmcufinder\plugins\mcufinder/ => C:\Users\RVenkatachalam.AMETEK-AD\.stmcufinder\plugins\mcufinder
2025-12-15 11:38:09,862 [INFO] DbExamplesSqlite:800 - Set database path to: C:\Users\RVenkatachalam.AMETEK-AD\.stmcufinder\plugins\mcufinder//mcu/
2025-12-15 11:38:09,893 [INFO] ApplicationProperties:181 - Using Application install path: C:\ST\STM32CubeIDE_1.4.0\STM32CubeIDE\plugins\com.st.stm32cube.common.mx_6.0.0.202007160824
2025-12-15 11:38:09,893 [INFO] PluginManage:178 - Search for loadable plugins [exclusion list=, ]
2025-12-15 11:38:09,893 [INFO] PluginManage:292 - Check plugin analytics
2025-12-15 11:38:10,051 [INFO] AnalyticsPlugin:203 - Accepted Software Licenses: STM32CubeMX.6.14.1
2025-12-15 11:38:10,051 [INFO] AnalyticsPlugin:205 - Accepted CMSIS Pack Licenses: 
2025-12-15 11:38:10,051 [INFO] AnalyticsPlugin:207 - Accepted Firmware Licenses: FW.L4.1.18.0
2025-12-15 11:38:10,051 [INFO] PluginManage:342 - Loaded plugin analytics (category:tool,tabindex:-1)
2025-12-15 11:38:10,051 [INFO] PluginManage:292 - Check plugin clock
2025-12-15 11:38:10,066 [INFO] PluginManage:342 - Loaded plugin clock (category:base,tabindex:2)
2025-12-15 11:38:10,066 [INFO] PluginManage:292 - Check plugin ddr
2025-12-15 11:38:10,066 [INFO] PluginManage:342 - Loaded plugin ddr (category:tool,tabindex:6)
2025-12-15 11:38:10,066 [INFO] PluginManage:292 - Check plugin filemanager
2025-12-15 11:38:10,161 [INFO] PluginManage:342 - Loaded plugin filemanager (category:base,tabindex:10)
2025-12-15 11:38:10,161 [INFO] PluginManage:292 - Check plugin ipmanager
2025-12-15 11:38:10,161 [INFO] PluginManage:342 - Loaded plugin ipmanager (category:base,tabindex:5)
2025-12-15 11:38:10,161 [INFO] PluginManage:292 - Check plugin pinoutandconfiguration
2025-12-15 11:38:10,176 [INFO] PluginManage:342 - Loaded plugin pinoutandconfiguration (category:base,tabindex:1)
2025-12-15 11:38:10,176 [INFO] PluginManage:292 - Check plugin pinoutconfig
2025-12-15 11:38:10,192 [INFO] PluginManage:342 - Loaded plugin pinoutconfig (category:base,tabindex:0)
2025-12-15 11:38:10,192 [INFO] PluginManage:292 - Check plugin power
2025-12-15 11:38:10,208 [INFO] PluginManage:342 - Loaded plugin power (category:power,tabindex:4)
2025-12-15 11:38:10,208 [INFO] PluginManage:292 - Check plugin projectmanager
2025-12-15 11:38:10,227 [INFO] PluginManage:342 - Loaded plugin projectmanager (category:projectmanager,tabindex:3)
2025-12-15 11:38:10,227 [INFO] PluginManage:292 - Check plugin thirdparty
2025-12-15 11:38:10,286 [INFO] ThirdPartyDb:333 - Open Third Party DataBase File (C:/Users/RVenkatachalam.AMETEK-AD/.stm32cubemx/plugins/thirdparty/db/thirdparties_db.xml) : 15 ms. number of Sw pack : 25
2025-12-15 11:38:10,302 [INFO] PluginManage:342 - Loaded plugin thirdparty (category:base,tabindex:-1)
2025-12-15 11:38:10,302 [INFO] PluginManage:292 - Check plugin tools
2025-12-15 11:38:10,302 [INFO] PluginManage:342 - Loaded plugin tools (category:base,tabindex:7)
2025-12-15 11:38:10,302 [INFO] PluginManage:292 - Check plugin tutovideos
2025-12-15 11:38:10,474 [INFO] PluginManage:342 - Loaded plugin tutovideos (category:base,tabindex:-1)
2025-12-15 11:38:10,474 [INFO] PluginManage:292 - Check plugin updater
2025-12-15 11:38:10,490 [INFO] PluginManage:342 - Loaded plugin updater (category:base,tabindex:12)
2025-12-15 11:38:10,490 [INFO] PluginManage:265 - PluginManage : Loaded plugins [13]
2025-12-15 11:38:10,694 [INFO] PinOutPanel:1418 - setPackage(No Configuration,No Configuration)
2025-12-15 11:38:10,773 [INFO] IPUIPlugin:64 - create IPUIPlugin
2025-12-15 11:38:10,773 [INFO] PluginManager:200 - loadIPPluginJar : add adc
2025-12-15 11:38:10,773 [INFO] IPUIPlugin:64 - create IPUIPlugin
2025-12-15 11:38:10,773 [INFO] PluginManager:200 - loadIPPluginJar : add aes
2025-12-15 11:38:10,789 [INFO] IPUIPlugin:64 - create IPUIPlugin
2025-12-15 11:38:10,789 [INFO] PluginManager:200 - loadIPPluginJar : add can
2025-12-15 11:38:10,789 [INFO] IPUIPlugin:64 - create IPUIPlugin
2025-12-15 11:38:10,789 [INFO] PluginManager:200 - loadIPPluginJar : add comp
2025-12-15 11:38:10,789 [INFO] IPUIPlugin:64 - create IPUIPlugin
2025-12-15 11:38:10,789 [INFO] PluginManager:200 - loadIPPluginJar : add cryp
2025-12-15 11:38:10,789 [INFO] IPUIPlugin:64 - create IPUIPlugin
2025-12-15 11:38:10,789 [INFO] PluginManager:200 - loadIPPluginJar : add dfsdm
2025-12-15 11:38:10,789 [INFO] IPUIPlugin:64 - create IPUIPlugin
2025-12-15 11:38:10,789 [INFO] PluginManager:200 - loadIPPluginJar : add dma
2025-12-15 11:38:10,805 [INFO] IPUIPlugin:64 - create IPUIPlugin
2025-12-15 11:38:10,805 [INFO] PluginManager:200 - loadIPPluginJar : add fatfs
2025-12-15 11:38:10,805 [INFO] IPUIPlugin:64 - create IPUIPlugin
2025-12-15 11:38:10,805 [INFO] PluginManager:200 - loadIPPluginJar : add fmc
2025-12-15 11:38:10,805 [INFO] IPUIPlugin:64 - create IPUIPlugin
2025-12-15 11:38:10,805 [INFO] PluginManager:200 - loadIPPluginJar : add freertos
2025-12-15 11:38:10,805 [INFO] IPUIPlugin:64 - create IPUIPlugin
2025-12-15 11:38:10,805 [INFO] PluginManager:200 - loadIPPluginJar : add genericplugin
2025-12-15 11:38:10,805 [INFO] IPUIPlugin:64 - create IPUIPlugin
2025-12-15 11:38:10,805 [INFO] PluginManager:200 - loadIPPluginJar : add gfxmmu
2025-12-15 11:38:10,820 [INFO] IPUIPlugin:64 - create IPUIPlugin
2025-12-15 11:38:10,820 [INFO] PluginManager:200 - loadIPPluginJar : add gic
2025-12-15 11:38:10,820 [INFO] IPUIPlugin:64 - create IPUIPlugin
2025-12-15 11:38:10,820 [INFO] PluginManager:200 - loadIPPluginJar : add gpio
2025-12-15 11:38:10,828 [INFO] IPUIPlugin:64 - create IPUIPlugin
2025-12-15 11:38:10,828 [INFO] PluginManager:200 - loadIPPluginJar : add gtzc
2025-12-15 11:38:10,828 [INFO] IPUIPlugin:64 - create IPUIPlugin
2025-12-15 11:38:10,828 [INFO] PluginManager:200 - loadIPPluginJar : add hash
2025-12-15 11:38:10,828 [INFO] IPUIPlugin:64 - create IPUIPlugin
2025-12-15 11:38:10,828 [INFO] PluginManager:200 - loadIPPluginJar : add i2c
2025-12-15 11:38:10,836 [INFO] IPUIPlugin:64 - create IPUIPlugin
2025-12-15 11:38:10,852 [INFO] PluginManager:200 - loadIPPluginJar : add i2s
2025-12-15 11:38:10,852 [INFO] IPUIPlugin:64 - create IPUIPlugin
2025-12-15 11:38:10,852 [INFO] PluginManager:200 - loadIPPluginJar : add ipddr
2025-12-15 11:38:10,852 [INFO] IPUIPlugin:64 - create IPUIPlugin
2025-12-15 11:38:10,852 [INFO] PluginManager:200 - loadIPPluginJar : add ltdc
2025-12-15 11:38:10,852 [INFO] IPUIPlugin:64 - create IPUIPlugin
2025-12-15 11:38:10,852 [INFO] PluginManager:200 - loadIPPluginJar : add mdma
2025-12-15 11:38:10,852 [INFO] IPUIPlugin:64 - create IPUIPlugin
2025-12-15 11:38:10,852 [INFO] PluginManager:200 - loadIPPluginJar : add nvic
2025-12-15 11:38:10,852 [INFO] IPUIPlugin:64 - create IPUIPlugin
2025-12-15 11:38:10,852 [INFO] PluginManager:200 - loadIPPluginJar : add opamp
2025-12-15 11:38:10,868 [INFO] IPUIPlugin:64 - create IPUIPlugin
2025-12-15 11:38:10,868 [INFO] PluginManager:200 - loadIPPluginJar : add openamp
2025-12-15 11:38:10,868 [INFO] IPUIPlugin:64 - create IPUIPlugin
2025-12-15 11:38:10,868 [INFO] PluginManager:200 - loadIPPluginJar : add pdm2pcm
2025-12-15 11:38:10,868 [INFO] IPUIPlugin:64 - create IPUIPlugin
2025-12-15 11:38:10,868 [INFO] PluginManager:200 - loadIPPluginJar : add plateformsettings
2025-12-15 11:38:10,883 [INFO] IPUIPlugin:64 - create IPUIPlugin
2025-12-15 11:38:10,883 [INFO] PluginManager:200 - loadIPPluginJar : add quadspi
2025-12-15 11:38:10,883 [INFO] IPUIPlugin:64 - create IPUIPlugin
2025-12-15 11:38:10,883 [INFO] PluginManager:200 - loadIPPluginJar : add resmgrutility
2025-12-15 11:38:10,883 [INFO] IPUIPlugin:64 - create IPUIPlugin
2025-12-15 11:38:10,883 [INFO] PluginManager:200 - loadIPPluginJar : add sai
2025-12-15 11:38:10,883 [INFO] IPUIPlugin:64 - create IPUIPlugin
2025-12-15 11:38:10,883 [INFO] PluginManager:200 - loadIPPluginJar : add spi
2025-12-15 11:38:10,883 [INFO] IPUIPlugin:64 - create IPUIPlugin
2025-12-15 11:38:10,883 [INFO] PluginManager:200 - loadIPPluginJar : add stm32_wpan
2025-12-15 11:38:10,899 [INFO] IPUIPlugin:64 - create IPUIPlugin
2025-12-15 11:38:10,899 [INFO] PluginManager:200 - loadIPPluginJar : add tim
2025-12-15 11:38:10,899 [INFO] IPUIPlugin:64 - create IPUIPlugin
2025-12-15 11:38:10,899 [INFO] PluginManager:200 - loadIPPluginJar : add touchsensing
2025-12-15 11:38:10,899 [INFO] IPUIPlugin:64 - create IPUIPlugin
2025-12-15 11:38:10,899 [INFO] PluginManager:200 - loadIPPluginJar : add tracer_emb
2025-12-15 11:38:10,899 [INFO] IPUIPlugin:64 - create IPUIPlugin
2025-12-15 11:38:10,899 [INFO] PluginManager:200 - loadIPPluginJar : add ts
2025-12-15 11:38:10,899 [INFO] IPUIPlugin:64 - create IPUIPlugin
2025-12-15 11:38:10,899 [INFO] PluginManager:200 - loadIPPluginJar : add tsc
2025-12-15 11:38:10,915 [INFO] IPUIPlugin:64 - create IPUIPlugin
2025-12-15 11:38:10,915 [INFO] PluginManager:200 - loadIPPluginJar : add ucpd
2025-12-15 11:38:10,915 [INFO] IPUIPlugin:64 - create IPUIPlugin
2025-12-15 11:38:10,915 [INFO] PluginManager:200 - loadIPPluginJar : add usart
2025-12-15 11:38:11,544 [INFO] CubeProgrammer:457 - [DDR PANEL] - PathOfProgrammer: null
2025-12-15 11:38:12,195 [FATAL] Updater:282 - Updater called before beeing initialized
2025-12-15 11:38:12,332 [FATAL] Updater:282 - Updater called before beeing initialized
2025-12-15 11:38:12,332 [WARN] ThirdParty:775 - waiting for thirdparty lock release [close project]
2025-12-15 11:38:12,337 [INFO] ThirdParty:777 - entering critical section [close project]
2025-12-15 11:38:12,337 [INFO] ThirdParty:790 - exiting critical section [close project]
2025-12-15 11:38:12,337 [INFO] PinOutPanel:1418 - setPackage(No Configuration,No Configuration)
2025-12-15 11:38:12,337 [FATAL] Updater:282 - Updater called before beeing initialized
2025-12-15 11:38:12,337 [ERROR] Updater:967 - MainUpdater not yet initialized. External WinMGr cannot be set.
2025-12-15 11:38:12,337 [INFO] CubeProgrammer:457 - [DDR PANEL] - PathOfProgrammer: C:\ST\STM32CubeIDE_1.4.0\STM32CubeIDE\plugins\com.st.stm32cube.ide.mcu.externaltools.cubeprogrammer.win32_1.4.0.202007081208\tools\bin
2025-12-15 11:38:12,353 [INFO] ProgrammerExecThread:148 - [ProgrammerAPI] CubeProgrammer command construction: C:\ST\STM32CubeIDE_1.4.0\STM32CubeIDE\plugins\com.st.stm32cube.ide.mcu.externaltools.cubeprogrammer.win32_1.4.0.202007081208\tools\bin\STM32_Programmer_CLI.exe -l
2025-12-15 11:38:13,017 [INFO] MainDdrPanel:49 - [DDR PANEL] SETTER - Set cubeProgrammerPath to: C:\ST\STM32CubeIDE_1.4.0\STM32CubeIDE\plugins\com.st.stm32cube.ide.mcu.externaltools.cubeprogrammer.win32_1.4.0.202007081208\tools\bin
2025-12-15 11:38:13,033 [INFO] Updater:904 - Updater Version found : 6.0.0
2025-12-15 11:38:13,065 [INFO] ApplicationProperties:181 - Using Application install path: C:\ST\STM32CubeIDE_1.4.0\STM32CubeIDE\plugins\com.st.stm32cube.common.mx_6.0.0.202007160824
2025-12-15 11:38:13,473 [INFO] MainUpdater:2268 - connection check result : 10
2025-12-15 11:38:13,473 [INFO] MainUpdater:2935 - Updater definition file requires update
2025-12-15 11:38:13,473 [INFO] MainUpdater:239 - Updater Check For Update Now.
2025-12-15 11:38:13,473 [INFO] MicroXplorer:414 - Change Database Version : DB.6.0.0
2025-12-15 11:38:15,352 [INFO] ServerAccessManage:348 - Download File updaters.zip
2025-12-15 11:38:15,430 [INFO] FileExtend:225 - Unzip File : updaters.zip
2025-12-15 11:38:15,430 [INFO] FileExtend:240 - Standard Zip Deflate
2025-12-15 11:38:16,326 [WARN] IntegrityCheckThread:61 - waiting for thirdparty lock release [integrity check]
2025-12-15 11:38:16,326 [INFO] IntegrityCheckThread:63 - entering critical section [integrity check]
2025-12-15 11:38:16,326 [WARN] MainUpdater:1087 - Updater busy. Cannot search thirdparties
2025-12-15 11:38:16,326 [INFO] ServerAccessManage:348 - Download File PacksControlFlags.xml
2025-12-15 11:38:16,570 [INFO] ServerAccessManage:348 - Download File cubemx.pidx
2025-12-15 11:38:16,664 [INFO] LoadServerUpdatesThread:309 - End of LoadServerUpdate Thread
2025-12-15 11:38:16,711 [INFO] CheckServerUpdateThread:102 - End of CheckServer Thread
2025-12-15 11:38:16,774 [INFO] MainUpdater:2268 - connection check result : 10
2025-12-15 11:38:17,795 [INFO] ServerAccessManage:348 - Download File mcusDocs.json._tmp_
2025-12-15 11:38:17,874 [INFO] LoadUrlFilesThread:135 - End of LoadUrlFiles Thread
2025-12-15 11:38:19,316 [INFO] ServerAccessManage:348 - Download File mcusFeaturesAndDescription.json._tmp_
2025-12-15 11:38:19,332 [WARN] MainUpdater:1087 - Updater busy. Cannot search thirdparties
2025-12-15 11:38:19,585 [INFO] LoadUrlFilesThread:135 - End of LoadUrlFiles Thread
2025-12-15 11:38:19,805 [INFO] ServerAccessManage:348 - Download File boardsDocs.json._tmp_
2025-12-15 11:38:19,837 [INFO] LoadUrlFilesThread:135 - End of LoadUrlFiles Thread
2025-12-15 11:38:20,088 [INFO] ServerAccessManage:348 - Download File boards.json._tmp_
2025-12-15 11:38:20,119 [INFO] LoadUrlFilesThread:135 - End of LoadUrlFiles Thread
2025-12-15 11:38:22,333 [WARN] MainUpdater:1087 - Updater busy. Cannot search thirdparties
2025-12-15 11:38:25,343 [WARN] MainUpdater:1087 - Updater busy. Cannot search thirdparties
2025-12-15 11:38:28,345 [WARN] MainUpdater:1087 - Updater busy. Cannot search thirdparties
2025-12-15 11:38:31,349 [WARN] MainUpdater:1087 - Updater busy. Cannot search thirdparties
2025-12-15 11:38:32,732 [INFO] ServerAccessManage:348 - Download File cube-finder-db.zip
2025-12-15 11:38:34,363 [WARN] MainUpdater:1087 - Updater busy. Cannot search thirdparties
2025-12-15 11:38:37,369 [WARN] MainUpdater:1087 - Updater busy. Cannot search thirdparties
2025-12-15 11:38:37,416 [INFO] FileExtend:225 - Unzip File : cube-finder-db.zip
2025-12-15 11:38:37,416 [INFO] FileExtend:240 - Standard Zip Deflate
2025-12-15 11:38:38,487 [INFO] LoadUrlFilesThread:135 - End of LoadUrlFiles Thread
2025-12-15 11:38:40,381 [WARN] MainUpdater:1087 - Updater busy. Cannot search thirdparties
2025-12-15 11:38:41,390 [INFO] ServerAccessManage:348 - Download File crdb.zip
2025-12-15 11:38:41,465 [INFO] FileExtend:225 - Unzip File : crdb.zip
2025-12-15 11:38:41,465 [INFO] FileExtend:240 - Standard Zip Deflate
2025-12-15 11:38:41,490 [INFO] LoadUrlFilesThread:135 - End of LoadUrlFiles Thread
2025-12-15 11:38:41,952 [INFO] ServerAccessManage:348 - Download File tutoVideoDB.zip
2025-12-15 11:38:42,015 [INFO] FileExtend:225 - Unzip File : tutoVideoDB.zip
2025-12-15 11:38:42,015 [INFO] FileExtend:240 - Standard Zip Deflate
2025-12-15 11:38:42,031 [INFO] LoadUrlFilesThread:135 - End of LoadUrlFiles Thread
2025-12-15 11:38:42,046 [INFO] DbMcusDocs:145 - JSON generation date=Tue Nov 16 21:47:54 IST 2021 (1637079474)
2025-12-15 11:38:42,046 [INFO] DbMcusXml:100 - Load MCU database from C:\ST\STM32CubeIDE_1.4.0\STM32CubeIDE\plugins\com.st.stm32cube.common.mx_6.0.0.202007160824\\db\/mcu/families.xml
2025-12-15 11:38:42,423 [INFO] DbMcusJson:92 - JSON generation date=Tue Nov 16 21:47:54 IST 2021 (1637079474)
2025-12-15 11:38:43,231 [INFO] DbMcus:175 - Found 1761 MCUs (1722 are supported by CubeMX, 1911 are visible in CubeMX)
2025-12-15 11:38:43,247 [INFO] ApiDb:201 - Load user favorites file C:\Users\RVenkatachalam.AMETEK-AD/.stm32cubemx/favorites.mcus.txt: 0 item(s)
2025-12-15 11:38:43,247 [INFO] ApiDb:205 - User favorites MCUs=[]
2025-12-15 11:38:43,247 [INFO] DbMcus:187 - Set 0 / 0 favorites MCUs
2025-12-15 11:38:43,494 [INFO] ThirdPartyDb:299 - Save Third Party DataBase File (C:/Users/RVenkatachalam.AMETEK-AD/.stm32cubemx/plugins/thirdparty/db/thirdparties_db.xml) [forced]
2025-12-15 11:38:43,513 [INFO] ThirdPartyDb:299 - Save Third Party DataBase File (C:/Users/RVenkatachalam.AMETEK-AD/.stm32cubemx/plugins/thirdparty/db/thirdparties_db.xml) [forced]
2025-12-15 11:38:43,529 [INFO] DbMcusDocs:81 - Found 682 MCUs documents
2025-12-15 11:38:43,529 [INFO] ApiDb:226 - Save user favorites file C:\Users\RVenkatachalam.AMETEK-AD/.stm32cubemx/favorites.mcus.txt: 0 item(s)
2025-12-15 11:38:43,529 [INFO] ApiDb:230 - User favorites MCUs=[]
2025-12-15 11:38:43,529 [INFO] DbMcusXml:100 - Load MCU database from C:\ST\STM32CubeIDE_1.4.0\STM32CubeIDE\plugins\com.st.stm32cube.common.mx_6.0.0.202007160824\\db\/mcu/families.xml
2025-12-15 11:38:43,544 [INFO] IntegrityCheckThread:76 - exiting critical section [integrity check]
2025-12-15 11:38:43,544 [INFO] IntegrityCheckThread:79 - End integrity checks thread
2025-12-15 11:38:44,540 [INFO] DbMcusJson:92 - JSON generation date=Tue Nov 16 21:47:54 IST 2021 (1637079474)
2025-12-15 11:38:44,838 [INFO] DbMcus:175 - Found 1761 MCUs (1722 are supported by CubeMX, 1911 are visible in CubeMX)
2025-12-15 11:38:44,838 [INFO] ApiDb:201 - Load user favorites file C:\Users\RVenkatachalam.AMETEK-AD/.stm32cubemx/favorites.mcus.txt: 0 item(s)
2025-12-15 11:38:44,838 [INFO] ApiDb:205 - User favorites MCUs=[]
2025-12-15 11:38:44,838 [INFO] DbMcus:187 - Set 0 / 0 favorites MCUs
2025-12-15 11:38:44,838 [INFO] DbBoardsDocs:145 - JSON generation date=Tue Nov 16 21:47:54 IST 2021 (1637079474)
2025-12-15 11:38:44,854 [INFO] DbBoardsPdsc:94 - Found 23 items
2025-12-15 11:38:44,854 [INFO] DbBoardsPdsc:94 - Found 9 items
2025-12-15 11:38:44,854 [INFO] DbBoardsPdsc:94 - Found 29 items
2025-12-15 11:38:44,854 [INFO] DbBoardsPdsc:94 - Found 1 items
2025-12-15 11:38:44,854 [INFO] DbBoardsPdsc:94 - Found 44 items
2025-12-15 11:38:44,854 [INFO] DbBoardsPdsc:94 - Found 40 items
2025-12-15 11:38:44,869 [INFO] DbBoardsPdsc:94 - Found 2 items
2025-12-15 11:38:44,869 [INFO] DbBoardsPdsc:94 - Found 4 items
2025-12-15 11:38:44,869 [WARN] DbBoardsPdsc:258 - Board STM32H7B3I-DK: unknown feature type=Audio, name=, username=Audio stereo codec with Headphone Amp (CS42L51-CNZ), n=1
2025-12-15 11:38:44,869 [WARN] DbBoardsPdsc:258 - Board STM32H735G-DK: unknown feature type=Audio, name=, username=Audio stereo codec with Headphone Amp (WM8994ECS/R), n=1
2025-12-15 11:38:44,869 [WARN] DbBoardsPdsc:258 - Board STM32H7B3I-EVAL: unknown feature type=Audio, name=, username=Multi-Channel Audio Codec (CS42L51-CNZ), n=1
2025-12-15 11:38:44,869 [WARN] DbBoardsPdsc:258 - Board STM32H7B3I-EVAL: unknown feature type=Meter, name=, username=Power-metering and Temperature-monitoring with sigma-delta modulators, n=1
2025-12-15 11:38:44,869 [WARN] DbBoardsPdsc:258 - Board STM32H7B3I-EVAL: unknown feature type=Motor, name=, username=Motor Control, n=1
2025-12-15 11:38:44,901 [INFO] DbBoardsJson:85 - JSON generation date=Tue Nov 16 21:47:54 IST 2021 (1637079474)
2025-12-15 11:38:44,901 [INFO] DbBoards:117 - Found 166 boards (149 are supported by CubeMX)
2025-12-15 11:38:44,901 [INFO] DbBoardsDocs:145 - JSON generation date=Tue Nov 16 21:47:54 IST 2021 (1637079474)
2025-12-15 11:38:44,901 [INFO] DbBoardsDocs:81 - Found 209 boards documents
2025-12-15 11:38:44,901 [WARN] DbBoards:127 - board B-L475E-IOT01A2 has no document id list !
2025-12-15 11:38:44,916 [WARN] DbBoards:127 - board NUCLEO-H743ZI has no document id list !
2025-12-15 11:38:44,916 [WARN] DbBoards:127 - board P-NUCLEO-WB55-Nucleo has no document id list !
2025-12-15 11:38:44,916 [WARN] DbBoards:127 - board P-NUCLEO-WB55-USBDongle has no document id list !
2025-12-15 11:38:44,916 [WARN] DbBoards:127 - board STEVAL-BFA001V1B has no document id list !
2025-12-15 11:38:44,916 [WARN] DbBoards:127 - board STEVAL-BFA001V2B has no document id list !
2025-12-15 11:38:44,916 [WARN] DbBoards:127 - board STEVAL-IDP005V1 has no document id list !
2025-12-15 11:38:44,916 [WARN] DbBoards:127 - board STEVAL-IDP005V2 has no document id list !
2025-12-15 11:38:44,916 [WARN] DbBoards:127 - board STEVAL-MKSBOX1V1 has no document id list !
2025-12-15 11:38:44,916 [WARN] DbBoards:127 - board STEVAL-STWINKT1 has no document id list !
2025-12-15 11:38:44,916 [WARN] DbBoards:127 - board STEVAL-STWINKT1B has no document id list !
2025-12-15 11:38:44,916 [WARN] DbBoards:127 - board STM32439I-EVAL2 has no document id list !
2025-12-15 11:38:44,916 [WARN] DbBoards:127 - board STM32F401C-DISCO has no document id list !
2025-12-15 11:38:44,916 [WARN] DbBoards:127 - board STM32F769I-DISC1 has no document id list !
2025-12-15 11:38:44,916 [WARN] DbBoards:127 - board STM32G474E-EVAL1 has no document id list !
2025-12-15 11:38:44,916 [WARN] DbBoards:127 - board STM32H743I-EVAL2 has no document id list !
2025-12-15 11:38:44,916 [WARN] DbBoards:127 - board STM32H747I-DISC1 has no document id list !
2025-12-15 11:38:44,916 [WARN] DbBoards:127 - board STM32H753I-EVAL2 has no document id list !
2025-12-15 11:38:44,916 [WARN] DbBoards:127 - board STM32L-DISCOVERY has no document id list !
2025-12-15 11:38:44,997 [ERROR] DbBoards:189 - Image file not found for board B-L462E-CELL1: C:\ST\STM32CubeIDE_1.4.0\STM32CubeIDE\plugins\com.st.stm32cube.common.mx_6.0.0.202007160824\\db\/plugins/mcufinder/images/boards/B-L462E-CELL1_small.jpg
2025-12-15 11:38:45,054 [ERROR] DbBoards:189 - Image file not found for board B-U585I-IOT02A: C:\ST\STM32CubeIDE_1.4.0\STM32CubeIDE\plugins\com.st.stm32cube.common.mx_6.0.0.202007160824\\db\/plugins/mcufinder/images/boards/B-U585I-IOT02A_small.jpg
2025-12-15 11:38:45,148 [ERROR] DbBoards:189 - Image file not found for board NUCLEO-F413ZH: C:\ST\STM32CubeIDE_1.4.0\STM32CubeIDE\plugins\com.st.stm32cube.common.mx_6.0.0.202007160824\\db\/plugins/mcufinder/images/boards/nucleo-f413zh_small.jpg
2025-12-15 11:38:45,242 [ERROR] DbBoards:189 - Image file not found for board NUCLEO-L552ZE-Q: C:\ST\STM32CubeIDE_1.4.0\STM32CubeIDE\plugins\com.st.stm32cube.common.mx_6.0.0.202007160824\\db\/plugins/mcufinder/images/boards/nucleo_l552ze_q_small.jpg
2025-12-15 11:38:45,242 [ERROR] DbBoards:189 - Image file not found for board NUCLEO-U575ZI-Q: C:\ST\STM32CubeIDE_1.4.0\STM32CubeIDE\plugins\com.st.stm32cube.common.mx_6.0.0.202007160824\\db\/plugins/mcufinder/images/boards/nucleo-u575zi-q_small.jpg
2025-12-15 11:38:45,242 [ERROR] DbBoards:189 - Image file not found for board NUCLEO-WB15CC: C:\ST\STM32CubeIDE_1.4.0\STM32CubeIDE\plugins\com.st.stm32cube.common.mx_6.0.0.202007160824\\db\/plugins/mcufinder/images/boards/nucleo-wb15cc_small.jpg
2025-12-15 11:38:45,242 [ERROR] DbBoards:189 - Image file not found for board NUCLEO-WB55RG: C:\ST\STM32CubeIDE_1.4.0\STM32CubeIDE\plugins\com.st.stm32cube.common.mx_6.0.0.202007160824\\db\/plugins/mcufinder/images/boards/nucleo-wb55rg_small.jpg
2025-12-15 11:38:45,242 [ERROR] DbBoards:189 - Image file not found for board NUCLEO-WL55JC: C:\ST\STM32CubeIDE_1.4.0\STM32CubeIDE\plugins\com.st.stm32cube.common.mx_6.0.0.202007160824\\db\/plugins/mcufinder/images/boards/nucleo-wl55jc-small.jpg
2025-12-15 11:38:45,367 [ERROR] DbBoards:189 - Image file not found for board STEVAL-STWINKT1B: C:\ST\STM32CubeIDE_1.4.0\STM32CubeIDE\plugins\com.st.stm32cube.common.mx_6.0.0.202007160824\\db\/plugins/mcufinder/images/boards/steval-stwinkt1b_small.jpg
2025-12-15 11:38:45,634 [ERROR] DbBoards:189 - Image file not found for board STM32G0C1E-EV: C:\ST\STM32CubeIDE_1.4.0\STM32CubeIDE\plugins\com.st.stm32cube.common.mx_6.0.0.202007160824\\db\/plugins/mcufinder/images/boards/stm32g0c1e-eval_small.jpg
2025-12-15 11:38:45,728 [ERROR] DbBoards:189 - Image file not found for board STM32H7B3I-EVAL: C:\ST\STM32CubeIDE_1.4.0\STM32CubeIDE\plugins\com.st.stm32cube.common.mx_6.0.0.202007160824\\db\/plugins/mcufinder/images/boards/stm32h7b3ieval_small.jpg
2025-12-15 11:38:45,948 [ERROR] DbBoards:189 - Image file not found for board STM32U575I-EV: C:\ST\STM32CubeIDE_1.4.0\STM32CubeIDE\plugins\com.st.stm32cube.common.mx_6.0.0.202007160824\\db\/plugins/mcufinder/images/boards/stm32u575i-ev_small.jpg
2025-12-15 11:38:45,979 [ERROR] DbBoards:189 - Image file not found for board STM32WB5MM-DK: C:\ST\STM32CubeIDE_1.4.0\STM32CubeIDE\plugins\com.st.stm32cube.common.mx_6.0.0.202007160824\\db\/plugins/mcufinder/images/boards/STM32WB5MM-DK_small.jpg
2025-12-15 11:38:45,995 [INFO] ApiDb:201 - Load user favorites file C:\Users\RVenkatachalam.AMETEK-AD/.stm32cubemx/favorites.boards.txt: 0 item(s)
2025-12-15 11:38:45,995 [INFO] ApiDb:205 - User favorites Boards=[]
2025-12-15 11:38:45,995 [INFO] DbBoards:206 - Set 0 / 0 favorites Boards
2025-12-15 11:38:45,995 [INFO] DbBoardsDocs:81 - Found 418 boards documents
2025-12-15 11:38:45,995 [INFO] ApiDb:226 - Save user favorites file C:\Users\RVenkatachalam.AMETEK-AD/.stm32cubemx/favorites.boards.txt: 0 item(s)
2025-12-15 11:38:45,995 [INFO] ApiDb:230 - User favorites Boards=[]
2025-12-15 11:38:45,998 [INFO] DbBoardsPdsc:94 - Found 23 items
2025-12-15 11:38:45,998 [INFO] DbBoardsPdsc:94 - Found 9 items
2025-12-15 11:38:45,998 [INFO] DbBoardsPdsc:94 - Found 29 items
2025-12-15 11:38:45,998 [INFO] DbBoardsPdsc:94 - Found 1 items
2025-12-15 11:38:45,998 [INFO] DbBoardsPdsc:94 - Found 44 items
2025-12-15 11:38:46,011 [INFO] DbBoardsPdsc:94 - Found 40 items
2025-12-15 11:38:46,011 [INFO] DbBoardsPdsc:94 - Found 2 items
2025-12-15 11:38:46,011 [INFO] DbBoardsPdsc:94 - Found 4 items
2025-12-15 11:38:46,011 [WARN] DbBoardsPdsc:258 - Board STM32H7B3I-DK: unknown feature type=Audio, name=, username=Audio stereo codec with Headphone Amp (CS42L51-CNZ), n=1
2025-12-15 11:38:46,011 [WARN] DbBoardsPdsc:258 - Board STM32H735G-DK: unknown feature type=Audio, name=, username=Audio stereo codec with Headphone Amp (WM8994ECS/R), n=1
2025-12-15 11:38:46,011 [WARN] DbBoardsPdsc:258 - Board STM32H7B3I-EVAL: unknown feature type=Audio, name=, username=Multi-Channel Audio Codec (CS42L51-CNZ), n=1
2025-12-15 11:38:46,011 [WARN] DbBoardsPdsc:258 - Board STM32H7B3I-EVAL: unknown feature type=Meter, name=, username=Power-metering and Temperature-monitoring with sigma-delta modulators, n=1
2025-12-15 11:38:46,011 [WARN] DbBoardsPdsc:258 - Board STM32H7B3I-EVAL: unknown feature type=Motor, name=, username=Motor Control, n=1
2025-12-15 11:38:46,026 [INFO] DbBoardsJson:85 - JSON generation date=Tue Nov 16 21:47:54 IST 2021 (1637079474)
2025-12-15 11:38:46,026 [INFO] DbBoards:117 - Found 166 boards (149 are supported by CubeMX)
2025-12-15 11:38:46,026 [WARN] DbBoards:127 - board B-L475E-IOT01A2 has no document id list !
2025-12-15 11:38:46,026 [WARN] DbBoards:127 - board NUCLEO-H743ZI has no document id list !
2025-12-15 11:38:46,026 [WARN] DbBoards:127 - board P-NUCLEO-WB55-Nucleo has no document id list !
2025-12-15 11:38:46,026 [WARN] DbBoards:127 - board P-NUCLEO-WB55-USBDongle has no document id list !
2025-12-15 11:38:46,026 [WARN] DbBoards:127 - board STEVAL-BFA001V1B has no document id list !
2025-12-15 11:38:46,026 [WARN] DbBoards:127 - board STEVAL-BFA001V2B has no document id list !
2025-12-15 11:38:46,026 [WARN] DbBoards:127 - board STEVAL-IDP005V1 has no document id list !
2025-12-15 11:38:46,026 [WARN] DbBoards:127 - board STEVAL-IDP005V2 has no document id list !
2025-12-15 11:38:46,026 [WARN] DbBoards:127 - board STEVAL-MKSBOX1V1 has no document id list !
2025-12-15 11:38:46,026 [WARN] DbBoards:127 - board STEVAL-STWINKT1 has no document id list !
2025-12-15 11:38:46,026 [WARN] DbBoards:127 - board STEVAL-STWINKT1B has no document id list !
2025-12-15 11:38:46,026 [WARN] DbBoards:127 - board STM32439I-EVAL2 has no document id list !
2025-12-15 11:38:46,026 [WARN] DbBoards:127 - board STM32F401C-DISCO has no document id list !
2025-12-15 11:38:46,026 [WARN] DbBoards:127 - board STM32F769I-DISC1 has no document id list !
2025-12-15 11:38:46,026 [WARN] DbBoards:127 - board STM32G474E-EVAL1 has no document id list !
2025-12-15 11:38:46,026 [WARN] DbBoards:127 - board STM32H743I-EVAL2 has no document id list !
2025-12-15 11:38:46,026 [WARN] DbBoards:127 - board STM32H747I-DISC1 has no document id list !
2025-12-15 11:38:46,026 [WARN] DbBoards:127 - board STM32H753I-EVAL2 has no document id list !
2025-12-15 11:38:46,026 [WARN] DbBoards:127 - board STM32L-DISCOVERY has no document id list !
2025-12-15 11:38:46,058 [ERROR] DbBoards:189 - Image file not found for board B-L462E-CELL1: C:\ST\STM32CubeIDE_1.4.0\STM32CubeIDE\plugins\com.st.stm32cube.common.mx_6.0.0.202007160824\\db\/plugins/mcufinder/images/boards/B-L462E-CELL1_small.jpg
2025-12-15 11:38:46,073 [ERROR] DbBoards:189 - Image file not found for board B-U585I-IOT02A: C:\ST\STM32CubeIDE_1.4.0\STM32CubeIDE\plugins\com.st.stm32cube.common.mx_6.0.0.202007160824\\db\/plugins/mcufinder/images/boards/B-U585I-IOT02A_small.jpg
2025-12-15 11:38:46,121 [ERROR] DbBoards:189 - Image file not found for board NUCLEO-F413ZH: C:\ST\STM32CubeIDE_1.4.0\STM32CubeIDE\plugins\com.st.stm32cube.common.mx_6.0.0.202007160824\\db\/plugins/mcufinder/images/boards/nucleo-f413zh_small.jpg
2025-12-15 11:38:46,199 [ERROR] DbBoards:189 - Image file not found for board NUCLEO-L552ZE-Q: C:\ST\STM32CubeIDE_1.4.0\STM32CubeIDE\plugins\com.st.stm32cube.common.mx_6.0.0.202007160824\\db\/plugins/mcufinder/images/boards/nucleo_l552ze_q_small.jpg
2025-12-15 11:38:46,199 [ERROR] DbBoards:189 - Image file not found for board NUCLEO-U575ZI-Q: C:\ST\STM32CubeIDE_1.4.0\STM32CubeIDE\plugins\com.st.stm32cube.common.mx_6.0.0.202007160824\\db\/plugins/mcufinder/images/boards/nucleo-u575zi-q_small.jpg
2025-12-15 11:38:46,199 [ERROR] DbBoards:189 - Image file not found for board NUCLEO-WB15CC: C:\ST\STM32CubeIDE_1.4.0\STM32CubeIDE\plugins\com.st.stm32cube.common.mx_6.0.0.202007160824\\db\/plugins/mcufinder/images/boards/nucleo-wb15cc_small.jpg
2025-12-15 11:38:46,199 [ERROR] DbBoards:189 - Image file not found for board NUCLEO-WB55RG: C:\ST\STM32CubeIDE_1.4.0\STM32CubeIDE\plugins\com.st.stm32cube.common.mx_6.0.0.202007160824\\db\/plugins/mcufinder/images/boards/nucleo-wb55rg_small.jpg
2025-12-15 11:38:46,199 [ERROR] DbBoards:189 - Image file not found for board NUCLEO-WL55JC: C:\ST\STM32CubeIDE_1.4.0\STM32CubeIDE\plugins\com.st.stm32cube.common.mx_6.0.0.202007160824\\db\/plugins/mcufinder/images/boards/nucleo-wl55jc-small.jpg
2025-12-15 11:38:46,245 [ERROR] DbBoards:189 - Image file not found for board STEVAL-STWINKT1B: C:\ST\STM32CubeIDE_1.4.0\STM32CubeIDE\plugins\com.st.stm32cube.common.mx_6.0.0.202007160824\\db\/plugins/mcufinder/images/boards/steval-stwinkt1b_small.jpg
2025-12-15 11:38:46,355 [ERROR] DbBoards:189 - Image file not found for board STM32G0C1E-EV: C:\ST\STM32CubeIDE_1.4.0\STM32CubeIDE\plugins\com.st.stm32cube.common.mx_6.0.0.202007160824\\db\/plugins/mcufinder/images/boards/stm32g0c1e-eval_small.jpg
2025-12-15 11:38:46,386 [ERROR] DbBoards:189 - Image file not found for board STM32H7B3I-EVAL: C:\ST\STM32CubeIDE_1.4.0\STM32CubeIDE\plugins\com.st.stm32cube.common.mx_6.0.0.202007160824\\db\/plugins/mcufinder/images/boards/stm32h7b3ieval_small.jpg
2025-12-15 11:38:46,449 [ERROR] DbBoards:189 - Image file not found for board STM32U575I-EV: C:\ST\STM32CubeIDE_1.4.0\STM32CubeIDE\plugins\com.st.stm32cube.common.mx_6.0.0.202007160824\\db\/plugins/mcufinder/images/boards/stm32u575i-ev_small.jpg
2025-12-15 11:38:46,465 [ERROR] DbBoards:189 - Image file not found for board STM32WB5MM-DK: C:\ST\STM32CubeIDE_1.4.0\STM32CubeIDE\plugins\com.st.stm32cube.common.mx_6.0.0.202007160824\\db\/plugins/mcufinder/images/boards/STM32WB5MM-DK_small.jpg
2025-12-15 11:38:46,465 [INFO] ApiDb:201 - Load user favorites file C:\Users\RVenkatachalam.AMETEK-AD/.stm32cubemx/favorites.boards.txt: 0 item(s)
2025-12-15 11:38:46,465 [INFO] ApiDb:205 - User favorites Boards=[]
2025-12-15 11:38:46,465 [INFO] DbBoards:206 - Set 0 / 0 favorites Boards
2025-12-15 11:38:47,155 [INFO] DbExamplesSqlite:156 - SQLite db open (C:\Users\RVenkatachalam.AMETEK-AD\.stmcufinder\plugins\mcufinder\mcu\cube-finder-db.db)
2025-12-15 11:38:47,611 [INFO] DbExamplesSqlite:447 - Ignored 0 examples not supported by CubeIDE
2025-12-15 11:38:47,611 [INFO] DbExamplesSqlite:448 - Found 10883 examples active
2025-12-15 11:38:47,611 [INFO] DbExamplesSqlite:449 - Found 0 examples obsolete
2025-12-15 11:38:47,611 [INFO] DbExamplesSqlite:450 - Found 0 examples under development
2025-12-15 11:38:47,611 [INFO] DbExamplesSqlite:451 - Found 85 examples not building
2025-12-15 11:38:47,642 [INFO] DbExamplesSqlite:130 - SQLite Data Model version=2.1
2025-12-15 11:38:47,642 [INFO] DbExamplesSqlite:131 - SQLite Configuration version=3.0.39
2025-12-15 11:38:47,642 [INFO] DbExamplesSqlite:132 - SQLite generation date=2025-11-05 (1762334721)
2025-12-15 11:38:47,642 [INFO] DbExamplesSqlite:133 - SQLite FW Pack versions=[FP-ATR-ASTRA1_V2.0.0, FP-SNS-FLIGHT1_V5.1.0, FP-SNS-MOTENV1_V5.1.0, FP-SNS-MOTENVWB1_V1.4.0, FP-SNS-SMARTAG2_V1.2.0, FP-SNS-STBOX1_V2.1.0, STM32Cube_FW_C0_V1.4.0, STM32Cube_FW_F4_V1.28.3, STM32Cube_FW_F7_V1.17.4, STM32Cube_FW_G0_V1.6.2, STM32Cube_FW_G4_V1.6.1, STM32Cube_FW_H5_V1.5.1, STM32Cube_FW_H7RS_V1.3.0, STM32Cube_FW_H7_V1.12.1, STM32Cube_FW_L0_V1.12.2, STM32Cube_FW_L4_V1.18.1, STM32Cube_FW_L5_V1.6.0, STM32Cube_FW_N6_V1.3.0, STM32Cube_FW_U0_V1.3.0, STM32Cube_FW_U3_V1.2.1, STM32Cube_FW_U5_V1.8.0, STM32Cube_FW_WB0_V1.4.0, STM32Cube_FW_WBA_V1.8.0, STM32Cube_FW_WB_V1.24.0, STM32Cube_FW_WL3_V1.3.0, STM32Cube_FW_WL_V1.4.0, X-CUBE-ALGOBUILD_V1.4.0, X-CUBE-ALS_V1.0.2, X-CUBE-AZRTOS-F4_V1.1.0, X-CUBE-AZRTOS-F7_V1.1.0, X-CUBE-AZRTOS-G0_V1.1.0, X-CUBE-AZRTOS-G4_V2.0.0, X-CUBE-AZRTOS-H7RS_V1.1.0, X-CUBE-AZRTOS-H7_V3.4.0, X-CUBE-AZRTOS-L4_V2.0.0, X-CUBE-AZRTOS-L5_V2.0.0, X-CUBE-AZRTOS-WB_V2.0.0, X-CUBE-AZRTOS-WL_V2.0.0, X-CUBE-BLE1_V7.1.0, X-CUBE-BLE2_V3.3.0, X-CUBE-BLEMGR_V4.1.0, X-CUBE-EEPRMA1_V5.2.0, X-CUBE-FREERTOS_V1.3.1, X-CUBE-GNSS1_V6.0.0, X-CUBE-MEMS1_V11.3.0, X-CUBE-NFC4_V3.0.0, X-CUBE-NFC7_V2.0.0, X-CUBE-SFXS2LP1_V4.0.0, X-CUBE-ST67W61_V1.1.0, X-CUBE-SUBG2_V5.0.0, X-CUBE-TOF1_V3.4.3]
2025-12-15 11:38:47,642 [INFO] DbExamples:123 - Found 10968 examples
2025-12-15 11:38:47,924 [ERROR] DbExamples:199 - Found 10968 examples with invalid data (board or MCU)
2025-12-15 11:38:47,924 [INFO] DbExamples:215 - Found 95 boards with related examples
2025-12-15 11:38:47,924 [INFO] DbExamples:228 - Found 0 MCUs with related examples
2025-12-15 11:38:47,956 [INFO] ApiDb:192 - User favorites file not found: C:\Users\RVenkatachalam.AMETEK-AD/.stm32cubemx/favorites.examples.txt
2025-12-15 11:38:47,956 [INFO] DbExamples:249 - Set 0 / 0 favorites Examples
2025-12-15 11:38:48,081 [INFO] McuFinderGlobals:40 - Set McuFinder mode to 2 (CubeIDE integrated)
2025-12-15 11:38:48,202 [INFO] CrossSelectorPresenter:1330 - Cross Selector saved comparison directory: C:\Users\RVenkatachalam.AMETEK-AD\.stmcufinder\plugins\mcufinder\mcu\cs_comparisons_mx
2025-12-15 11:38:48,202 [INFO] MultiScanPanel:193 - Auto-refresh data requested => check proxy status ongoing
2025-12-15 11:38:48,212 [INFO] FinderPluginLoader:87 - Searching for filters in installed packs
2025-12-15 11:38:48,620 [INFO] LoadUrlFilesThread:162 - End of LoadServerUrlFiles without Thread
2025-12-15 11:38:48,620 [INFO] DetailPanel:331 - Set advertising image to C:/Users/RVenkatachalam.AMETEK-AD/STM32Cube/Repository/\stm32cubemx-promo_image.jpg
2025-12-15 11:38:48,855 [INFO] McuFilterPanel:245 - Update 0 favorites MCUs
2025-12-15 11:39:39,120 [INFO] LogOutputStream:76 - [STDOUT_REDIRECT] withoutVersionV1.16.0
2025-12-15 11:39:43,475 [INFO] MainUpdater:2268 - connection check result : 10
2025-12-15 11:39:43,475 [INFO] MainUpdater:2268 - connection check result : 10
2025-12-15 11:39:43,524 [INFO] MicroXplorer:384 - Change Database Path : 
2025-12-15 11:39:43,524 [INFO] MicroXplorer:414 - Change Database Version : DB.6.0.0
2025-12-15 11:39:43,524 [WARN] ThirdParty:775 - waiting for thirdparty lock release [close project]
2025-12-15 11:39:43,524 [INFO] ThirdParty:777 - entering critical section [close project]
2025-12-15 11:39:43,524 [INFO] ThirdParty:790 - exiting critical section [close project]
2025-12-15 11:39:43,524 [INFO] PinOutPanel:1418 - setPackage(No Configuration,No Configuration)
2025-12-15 11:39:43,524 [INFO] UtilMem:74 - Begin LoadConfig() Used Memory: 821999720 Bytes (1073741824)
2025-12-15 11:39:43,524 [INFO] MicroXplorer:384 - Change Database Path : 
2025-12-15 11:39:43,524 [INFO] MicroXplorer:414 - Change Database Version : DB.6.0.0
2025-12-15 11:39:43,524 [INFO] OpenFileManager:274 - Change cursor
2025-12-15 11:39:46,774 [INFO] ImportTextPane:162 - (OptionalMessage_ERROR) Unable to find key (Mcu.ThirdPartyNb) in loaded IOC file
2025-12-15 11:39:46,774 [INFO] ImportTextPane:162 - (OptionalMessage_ERROR) Unable to find key (Mcu.PinsNb) in loaded IOC file
2025-12-15 11:39:46,774 [INFO] ImportTextPane:162 - (OptionalMessage_ERROR) Unable to find key (Mcu.IPNb) in loaded IOC file
2025-12-15 11:39:46,821 [WARN] ApiManager:274 - Cannot register API 'Board Extension:PM33A1' from pack STMicroelectronics.X-CUBE-PM33A1.1.0.0: no header file found
2025-12-15 11:39:46,832 [WARN] ApiManager:274 - Cannot register API 'Board Extension:EEPRMA2' from pack STMicroelectronics.X-CUBE-EEPRMA1.5.2.0: no header file found
2025-12-15 11:39:46,832 [WARN] ApiManager:274 - Cannot register API 'Board Extension:PGEEZ1' from pack STMicroelectronics.X-CUBE-EEPRMA1.5.2.0: no header file found
2025-12-15 11:39:46,832 [WARN] ApiManager:274 - Cannot register API 'Board Extension:EEICA1' from pack STMicroelectronics.X-CUBE-EEPRMA1.5.2.0: no header file found
2025-12-15 11:39:46,832 [WARN] ApiManager:274 - Cannot register API 'Board Part:M24' from pack STMicroelectronics.X-CUBE-EEPRMA1.5.2.0: no header file found
2025-12-15 11:39:46,832 [WARN] ApiManager:274 - Cannot register API 'Board Part:M95' from pack STMicroelectronics.X-CUBE-EEPRMA1.5.2.0: no header file found
2025-12-15 11:39:46,832 [WARN] ApiManager:274 - Cannot register API 'Board Part:M95P32' from pack STMicroelectronics.X-CUBE-EEPRMA1.5.2.0: no header file found
2025-12-15 11:39:46,832 [WARN] ApiManager:274 - Cannot register API 'Board Part:M24256E-F' from pack STMicroelectronics.X-CUBE-EEPRMA1.5.2.0: no header file found
2025-12-15 11:39:46,832 [WARN] ApiManager:274 - Cannot register API 'Board Part:M24M01E-F' from pack STMicroelectronics.X-CUBE-EEPRMA1.5.2.0: no header file found
2025-12-15 11:39:46,837 [WARN] ApiManager:274 - Cannot register API 'PGEEZ1:SPI' from pack STMicroelectronics.X-CUBE-EEPRMA1.5.2.0: no header file found
2025-12-15 11:39:46,837 [WARN] ApiManager:274 - Cannot register API 'PGEEZ1:QDSPI' from pack STMicroelectronics.X-CUBE-EEPRMA1.5.2.0: no header file found
2025-12-15 11:39:46,837 [WARN] ApiManager:274 - Cannot register API 'Board Extension:GNSS1A1' from pack STMicroelectronics.X-CUBE-GNSS1.7.1.0: no header file found
2025-12-15 11:39:46,837 [WARN] ApiManager:274 - Cannot register API 'Board Support:Custom' from pack STMicroelectronics.X-CUBE-GNSS1.7.1.0: no header file found
2025-12-15 11:39:46,837 [WARN] ApiManager:274 - Cannot register API 'Data Exchange:lib_gnss' from pack STMicroelectronics.X-CUBE-GNSS1.7.1.0: no header file found
2025-12-15 11:39:46,837 [WARN] ApiManager:274 - Cannot register API 'Board Extension:NFC12A1' from pack STMicroelectronics.X-CUBE-NFC12.1.0.0: no header file found
2025-12-15 11:39:46,837 [WARN] ApiManager:274 - Cannot register API 'Board Extension:SAFEA1' from pack STMicroelectronics.X-CUBE-STSE01.1.0.0: no header file found
2025-12-15 11:39:46,837 [WARN] ApiManager:274 - Cannot register API 'Board Extension:ESE01A1' from pack STMicroelectronics.X-CUBE-STSE01.1.0.0: no header file found
2025-12-15 11:39:46,837 [WARN] ApiManager:274 - Cannot register API 'Board Part:STSAFEA110' from pack STMicroelectronics.X-CUBE-STSE01.1.0.0: no header file found
2025-12-15 11:39:46,837 [WARN] ApiManager:274 - Cannot register API 'Board Part:STSAFEA120' from pack STMicroelectronics.X-CUBE-STSE01.1.0.0: no header file found
2025-12-15 11:39:46,837 [WARN] ApiManager:274 - Cannot register API 'Security:STM32_Cryptographic' from pack STMicroelectronics.X-CUBE-STSE01.1.0.0: no header file found
2025-12-15 11:39:46,837 [WARN] ApiManager:274 - Cannot register API 'Security:STSELib' from pack STMicroelectronics.X-CUBE-STSE01.1.0.0: no header file found
2025-12-15 11:39:46,852 [WARN] ApiManager:274 - Cannot register API 'Board Extension:IKS02A1' from pack STMicroelectronics.X-CUBE-MEMS1.12.0.0: no header file found
2025-12-15 11:39:46,852 [WARN] ApiManager:274 - Cannot register API 'Board Extension:IKS4A1' from pack STMicroelectronics.X-CUBE-MEMS1.12.0.0: no header file found
2025-12-15 11:39:46,852 [WARN] ApiManager:274 - Cannot register API 'Board Extension:IKS5A1' from pack STMicroelectronics.X-CUBE-MEMS1.12.0.0: no header file found
2025-12-15 11:39:46,899 [WARN] ApiManager:274 - Cannot register API 'Board Extension:IKS01A3' from pack STMicroelectronics.X-CUBE-MEMS1.11.3.0: no header file found
2025-12-15 11:39:46,899 [WARN] ApiManager:274 - Cannot register API 'Board Extension:IKS02A1' from pack STMicroelectronics.X-CUBE-MEMS1.11.3.0: no header file found
2025-12-15 11:39:46,899 [WARN] ApiManager:274 - Cannot register API 'Board Extension:IKS4A1' from pack STMicroelectronics.X-CUBE-MEMS1.11.3.0: no header file found
2025-12-15 11:39:46,899 [INFO] RtosManager:456 - Registered RTOS mode: class=CMSIS, group=RTOS, mode=CMSIS_V1, owner=FREERTOS
2025-12-15 11:39:46,899 [INFO] RtosManager:456 - Registered RTOS mode: class=CMSIS, group=RTOS2, mode=CMSIS_V2, owner=FREERTOS
2025-12-15 11:39:46,899 [INFO] RtosManager:456 - Registered RTOS mode: class=RTOS, group=Core, mode=CMSIS_V1, owner=FREERTOS
2025-12-15 11:39:46,899 [INFO] RtosManager:456 - Registered RTOS mode: class=RTOS, group=Core, mode=CMSIS_V2, owner=FREERTOS
2025-12-15 11:39:46,899 [WARN] ModelIntegratedComponent:188 - Missing modes for component 1745484007570
2025-12-15 11:39:47,833 [INFO] UtilMem:74 - End LoadConfig() Used Memory: 865930344 Bytes (1073741824)
2025-12-15 11:39:47,833 [WARN] ThirdParty:741 - waiting for thirdparty lock release [change project]
2025-12-15 11:39:47,833 [INFO] ThirdParty:743 - entering critical section [change project]
2025-12-15 11:39:47,833 [INFO] ThirdParty:968 - CMSIS Pack Vendor :STMicroelectronics X-CUBE-PM33A1 1.0.0
2025-12-15 11:39:47,833 [INFO] ThirdParty:968 - CMSIS Pack Vendor :STMicroelectronics X-CUBE-AZRTOS-H7 3.4.0
2025-12-15 11:39:47,833 [INFO] ThirdParty:968 - CMSIS Pack Vendor :STMicroelectronics USB_HOST 2.0.0
2025-12-15 11:39:47,833 [INFO] ThirdParty:968 - CMSIS Pack Vendor :STMicroelectronics USB_DEVICE 3.0.0
2025-12-15 11:39:47,833 [INFO] ThirdParty:968 - CMSIS Pack Vendor :STMicroelectronics X-CUBE-EEPRMA1 5.2.0
2025-12-15 11:39:47,833 [INFO] ThirdParty:968 - CMSIS Pack Vendor :STMicroelectronics MBEDTLS 2.16.2
2025-12-15 11:39:47,833 [INFO] ThirdParty:968 - CMSIS Pack Vendor :STMicroelectronics MBEDTLS 2.14.1
2025-12-15 11:39:47,833 [INFO] ThirdParty:968 - CMSIS Pack Vendor :STMicroelectronics X-CUBE-GNSS1 7.1.0
2025-12-15 11:39:47,841 [INFO] ThirdParty:968 - CMSIS Pack Vendor :STMicroelectronics X-CUBE-NFC12 1.0.0
2025-12-15 11:39:47,841 [INFO] ThirdParty:968 - CMSIS Pack Vendor :STMicroelectronics X-CUBE-TOUCHGFX 4.26.0
2025-12-15 11:39:47,841 [INFO] ThirdParty:968 - CMSIS Pack Vendor :STMicroelectronics X-CUBE-STSE01 1.0.0
2025-12-15 11:39:47,841 [INFO] ThirdParty:968 - CMSIS Pack Vendor :STMicroelectronics USB_DEVICE 2.0.0
2025-12-15 11:39:47,841 [INFO] ThirdParty:968 - CMSIS Pack Vendor :STMicroelectronics X-CUBE-AI 10.1.0
2025-12-15 11:39:47,841 [INFO] ThirdParty:968 - CMSIS Pack Vendor :STMicroelectronics X-CUBE-AI 10.2.0
2025-12-15 11:39:47,841 [INFO] ThirdParty:968 - CMSIS Pack Vendor :STMicroelectronics X-CUBE-MEMS1 12.0.0
2025-12-15 11:39:47,841 [INFO] ThirdParty:968 - CMSIS Pack Vendor :STMicroelectronics X-CUBE-MEMS1 11.3.0
2025-12-15 11:39:47,841 [INFO] ThirdParty:968 - CMSIS Pack Vendor :STMicroelectronics FreeRTOS 0.0.1
2025-12-15 11:39:47,841 [INFO] ThirdParty:968 - CMSIS Pack Vendor :STMicroelectronics USB_DEVICE 1.0.0
2025-12-15 11:39:47,841 [INFO] ThirdParty:968 - CMSIS Pack Vendor :STMicroelectronics X-CUBE-AZRTOS-H7RS 1.2.0
2025-12-15 11:39:47,841 [INFO] ThirdParty:968 - CMSIS Pack Vendor :STMicroelectronics lwIP 2.0.3
2025-12-15 11:39:47,841 [INFO] ThirdParty:968 - CMSIS Pack Vendor :STMicroelectronics lwIP 2.1.2
2025-12-15 11:39:47,841 [INFO] ThirdParty:968 - CMSIS Pack Vendor :STMicroelectronics USB_HOST 1.0.0
2025-12-15 11:39:47,841 [INFO] ThirdParty:968 - CMSIS Pack Vendor :STMicroelectronics PDM2PCM 3.1.0
2025-12-15 11:39:47,841 [INFO] ThirdParty:968 - CMSIS Pack Vendor :STMicroelectronics PDM2PCM 3.2.0
2025-12-15 11:39:47,841 [INFO] ThirdParty:968 - CMSIS Pack Vendor :STMicroelectronics PDM2PCM 3.3.0
2025-12-15 11:39:47,841 [INFO] ThirdParty:749 - exiting critical section [change project]
2025-12-15 11:39:48,134 [INFO] PinOutPanel:1418 - setPackage(No Configuration,No Configuration)
2025-12-15 11:39:48,134 [INFO] PinOutPanel:1418 - setPackage(STM32L4R5VITx,LQFP100)
2025-12-15 11:39:48,540 [INFO] UtilMem:74 - Before build in PCC Used Memory: 843647720 Bytes (1073741824)
2025-12-15 11:39:49,036 [INFO] SharedServices:71 - Folder for power plug-in: C:/Users/RVenkatachalam.AMETEK-AD/.stm32cubemx/plugins/power
2025-12-15 11:39:49,095 [INFO] SharedServices:71 - Folder for power plug-in: C:/Users/RVenkatachalam.AMETEK-AD/.stm32cubemx/plugins/power
2025-12-15 11:39:49,173 [INFO] SharedServices:71 - Folder for power plug-in: C:/Users/RVenkatachalam.AMETEK-AD/.stm32cubemx/plugins/power
2025-12-15 11:39:49,189 [INFO] SharedServices:71 - Folder for power plug-in: C:/Users/RVenkatachalam.AMETEK-AD/.stm32cubemx/plugins/power
2025-12-15 11:39:49,377 [INFO] UtilMem:74 - After build in PCC Used Memory: 840975640 Bytes (1073741824)
2025-12-15 11:39:49,393 [INFO] IPUIPlugin:64 - create IPUIPlugin
2025-12-15 11:39:49,393 [INFO] IPUIPlugin:64 - create IPUIPlugin
2025-12-15 11:39:49,393 [INFO] IPUIPlugin:64 - create IPUIPlugin
2025-12-15 11:39:49,393 [INFO] IPUIPlugin:64 - create IPUIPlugin
2025-12-15 11:39:49,393 [INFO] IPUIPlugin:64 - create IPUIPlugin
2025-12-15 11:39:49,393 [INFO] IPUIPlugin:64 - create IPUIPlugin
2025-12-15 11:39:49,393 [INFO] IPUIPlugin:64 - create IPUIPlugin
2025-12-15 11:39:49,393 [INFO] IPUIPlugin:64 - create IPUIPlugin
2025-12-15 11:39:49,393 [INFO] IPUIPlugin:64 - create IPUIPlugin
2025-12-15 11:39:49,393 [INFO] IPUIPlugin:64 - create IPUIPlugin
2025-12-15 11:39:49,393 [INFO] IPUIPlugin:64 - create IPUIPlugin
2025-12-15 11:39:49,393 [INFO] IPUIPlugin:64 - create IPUIPlugin
2025-12-15 11:39:49,393 [INFO] IPUIPlugin:64 - create IPUIPlugin
2025-12-15 11:39:49,393 [INFO] IPUIPlugin:64 - create IPUIPlugin
2025-12-15 11:39:49,393 [INFO] IPUIPlugin:64 - create IPUIPlugin
2025-12-15 11:39:49,393 [INFO] IPUIPlugin:64 - create IPUIPlugin
2025-12-15 11:39:49,393 [INFO] IPUIPlugin:64 - create IPUIPlugin
2025-12-15 11:39:49,393 [INFO] IPUIPlugin:64 - create IPUIPlugin
2025-12-15 11:39:49,393 [INFO] IPUIPlugin:64 - create IPUIPlugin
2025-12-15 11:39:49,393 [INFO] IPUIPlugin:64 - create IPUIPlugin
2025-12-15 11:39:49,393 [INFO] IPUIPlugin:64 - create IPUIPlugin
2025-12-15 11:39:49,393 [INFO] IPUIPlugin:64 - create IPUIPlugin
2025-12-15 11:39:49,393 [INFO] IPUIPlugin:64 - create IPUIPlugin
2025-12-15 11:39:49,393 [INFO] IPUIPlugin:64 - create IPUIPlugin
2025-12-15 11:39:49,393 [INFO] IPUIPlugin:64 - create IPUIPlugin
2025-12-15 11:39:49,393 [INFO] IPUIPlugin:64 - create IPUIPlugin
2025-12-15 11:39:49,393 [INFO] IPUIPlugin:64 - create IPUIPlugin
2025-12-15 11:39:49,393 [INFO] IPUIPlugin:64 - create IPUIPlugin
2025-12-15 11:39:49,393 [INFO] IPUIPlugin:64 - create IPUIPlugin
2025-12-15 11:39:49,393 [INFO] IPUIPlugin:64 - create IPUIPlugin
2025-12-15 11:39:49,393 [INFO] IPUIPlugin:64 - create IPUIPlugin
2025-12-15 11:39:49,393 [INFO] IPUIPlugin:64 - create IPUIPlugin
2025-12-15 11:39:49,409 [INFO] IPUIPlugin:64 - create IPUIPlugin
2025-12-15 11:39:49,409 [INFO] IPUIPlugin:64 - create IPUIPlugin
2025-12-15 11:39:49,409 [INFO] IPUIPlugin:64 - create IPUIPlugin
2025-12-15 11:39:49,409 [INFO] IPUIPlugin:64 - create IPUIPlugin
2025-12-15 11:39:49,409 [INFO] IPUIPlugin:64 - create IPUIPlugin
2025-12-15 11:39:49,409 [INFO] IPUIPlugin:64 - create IPUIPlugin
2025-12-15 11:39:49,409 [INFO] IPUIPlugin:64 - create IPUIPlugin
2025-12-15 11:39:49,409 [INFO] IPUIPlugin:64 - create IPUIPlugin
2025-12-15 11:39:49,409 [INFO] IPUIPlugin:64 - create IPUIPlugin
2025-12-15 11:39:49,409 [INFO] IPUIPlugin:64 - create IPUIPlugin
2025-12-15 11:39:49,409 [INFO] IPUIPlugin:64 - create IPUIPlugin
2025-12-15 11:39:49,409 [INFO] IPUIPlugin:64 - create IPUIPlugin
2025-12-15 11:39:49,409 [INFO] IPUIPlugin:64 - create IPUIPlugin
2025-12-15 11:39:49,409 [INFO] IPUIPlugin:64 - create IPUIPlugin
2025-12-15 11:39:49,409 [INFO] IPUIPlugin:64 - create IPUIPlugin
2025-12-15 11:39:49,409 [INFO] IPUIPlugin:64 - create IPUIPlugin
2025-12-15 11:39:49,409 [INFO] IPUIPlugin:64 - create IPUIPlugin
2025-12-15 11:39:49,409 [INFO] IPUIPlugin:64 - create IPUIPlugin
2025-12-15 11:39:49,409 [INFO] IPUIPlugin:64 - create IPUIPlugin
2025-12-15 11:39:49,409 [INFO] IPUIPlugin:64 - create IPUIPlugin
2025-12-15 11:39:49,409 [INFO] IPUIPlugin:64 - create IPUIPlugin
2025-12-15 11:39:49,409 [INFO] IPUIPlugin:64 - create IPUIPlugin
2025-12-15 11:39:49,409 [INFO] IPUIPlugin:64 - create IPUIPlugin
2025-12-15 11:39:49,409 [INFO] IPUIPlugin:64 - create IPUIPlugin
2025-12-15 11:39:49,409 [INFO] IPUIPlugin:64 - create IPUIPlugin
2025-12-15 11:39:49,409 [INFO] IPUIPlugin:64 - create IPUIPlugin
2025-12-15 11:39:49,409 [INFO] IPUIPlugin:64 - create IPUIPlugin
2025-12-15 11:39:49,409 [INFO] IPUIPlugin:64 - create IPUIPlugin
2025-12-15 11:39:49,409 [INFO] IPUIPlugin:64 - create IPUIPlugin
2025-12-15 11:39:49,440 [INFO] LogOutputStream:76 - [STDOUT_REDIRECT] toolchainItems.length=====1
2025-12-15 11:39:49,638 [INFO] OpenFileManager:294 - Restore cursor
2025-12-15 11:39:49,974 [INFO] UtilMem:74 - End SaveConfig() Used Memory: 889268456 Bytes (1073741824)
2025-12-15 11:39:50,047 [INFO] UtilMem:74 - End SaveConfig() Used Memory: 898005168 Bytes (1073741824)
2025-12-15 11:39:50,346 [INFO] BlockDiagram:2729 - set Specific Code input for plugin: SYS
2025-12-15 11:39:50,346 [INFO] BlockDiagram:2729 - set Specific Code input for plugin: RCC
2025-12-15 11:39:50,346 [INFO] BlockDiagram:2729 - set Specific Code input for plugin: NVIC
2025-12-15 11:39:50,346 [INFO] CodeGenerator:622 - code generatio: config db path: C:\ST\STM32CubeIDE_1.4.0\STM32CubeIDE\plugins\com.st.stm32cube.common.mx_6.0.0.202007160824\\db\
2025-12-15 11:39:50,614 [INFO] CodeEngine:188 - oldGeneratedFile, D:\MainBoardTCM\TCM\MXTmpFiles\license.tmp_save
2025-12-15 11:39:50,975 [INFO] CodeEngine:206 - Generated code: D:\MainBoardTCM\TCM\MXTmpFiles\license.tmp
2025-12-15 11:39:51,101 [INFO] CodeEngine:188 - oldGeneratedFile, D:\MainBoardTCM\TCM\Core\Src\stm32l4xx_it.c_save
2025-12-15 11:39:51,211 [INFO] CodeEngine:206 - Generated code: D:\MainBoardTCM\TCM\Core\Src\stm32l4xx_it.c
2025-12-15 11:39:51,227 [INFO] CodeEngine:188 - oldGeneratedFile, D:\MainBoardTCM\TCM\Core\Inc\stm32l4xx_it.h_save
2025-12-15 11:39:51,290 [INFO] CodeEngine:206 - Generated code: D:\MainBoardTCM\TCM\Core\Inc\stm32l4xx_it.h
2025-12-15 11:39:51,321 [INFO] CodeEngine:188 - oldGeneratedFile, D:\MainBoardTCM\TCM\Core\Src\stm32l4xx_hal_msp.c_save
2025-12-15 11:39:51,400 [INFO] CodeEngine:206 - Generated code: D:\MainBoardTCM\TCM\Core\Src\stm32l4xx_hal_msp.c
2025-12-15 11:39:51,415 [INFO] CodeEngine:188 - oldGeneratedFile, D:\MainBoardTCM\TCM\MXTmpFiles\system.tmp_save
2025-12-15 11:39:51,463 [INFO] CodeEngine:206 - Generated code: D:\MainBoardTCM\TCM\MXTmpFiles\system.tmp
2025-12-15 11:39:51,479 [INFO] CodeEngine:188 - oldGeneratedFile, D:\MainBoardTCM\TCM\Core\Inc\stm32l4xx_hal_conf.h_save
2025-12-15 11:39:51,556 [INFO] CodeEngine:206 - Generated code: D:\MainBoardTCM\TCM\Core\Inc\stm32l4xx_hal_conf.h
2025-12-15 11:39:51,603 [INFO] CodeEngine:188 - oldGeneratedFile, D:\MainBoardTCM\TCM\Core\Inc\main.h_save
2025-12-15 11:39:51,641 [INFO] CodeEngine:206 - Generated code: D:\MainBoardTCM\TCM\Core\Inc\main.h
2025-12-15 11:39:51,651 [INFO] CodeEngine:188 - oldGeneratedFile, D:\MainBoardTCM\TCM\Core\Src\main.c_save
2025-12-15 11:39:51,729 [INFO] CodeEngine:206 - Generated code: D:\MainBoardTCM\TCM\Core\Src\main.c
2025-12-15 11:39:52,331 [INFO] ProjectBuilder:2168 - Time for Copy HAL[1] : 209mS.
2025-12-15 11:39:52,331 [INFO] ProjectBuilder:2988 - Project Generator version: 3.10.0-B14
2025-12-15 11:39:53,682 [INFO] ConfigFileManager:1183 - The Die is : DIE470
2025-12-15 11:39:53,713 [INFO] ApiDbMcu:456 - Load IP Config File for FATFS
2025-12-15 11:39:53,713 [INFO] ApiDbMcu:456 - Load IP Config File for FREERTOS
2025-12-15 11:39:53,728 [INFO] ApiDbMcu:456 - Load IP Config File for TOUCHSENSING
2025-12-15 11:39:53,745 [INFO] ApiDbMcu:456 - Load IP Config File for USB_DEVICE
2025-12-15 11:39:53,745 [INFO] ApiDbMcu:456 - Load IP Config File for USB_HOST
2025-12-15 11:40:02,098 [ERROR] root:96 - SUCCESS
2025-12-15 11:40:02,176 [INFO] ProjectBuilder:3155 - Time for Generating toolchain IDE Files: 9845mS.
2025-12-15 11:40:02,176 [INFO] ProjectBuilder:2044 - Time for Copy CMSIS : 0mS.
2025-12-15 11:40:02,176 [INFO] ProjectBuilder:2044 - Time for Copy CMSIS : 0mS.
2025-12-15 11:40:02,830 [INFO] ApiDb:226 - Save user favorites file C:\Users\RVenkatachalam.AMETEK-AD/.stm32cubeide/favorites.mcus.txt: 0 item(s)
2025-12-15 11:40:02,830 [INFO] ApiDb:230 - User favorites MCUs=[]
2025-12-15 11:59:54,600 [INFO] UtilMem:74 - End SaveConfig() Used Memory: 882439616 Bytes (1073741824)
2025-12-15 11:59:56,798 [INFO] UtilMem:74 - End SaveConfig() Used Memory: 895022528 Bytes (1073741824)
2025-12-15 11:59:58,336 [INFO] UtilMem:74 - End SaveConfig() Used Memory: 836327696 Bytes (1073741824)
2025-12-15 11:59:58,461 [INFO] BlockDiagram:2729 - set Specific Code input for plugin: SYS
2025-12-15 11:59:58,461 [INFO] BlockDiagram:2729 - set Specific Code input for plugin: RCC
2025-12-15 11:59:58,461 [INFO] BlockDiagram:2729 - set Specific Code input for plugin: NVIC
2025-12-15 11:59:58,461 [INFO] BlockDiagram:2729 - set Specific Code input for plugin: GPIO
2025-12-15 11:59:58,461 [INFO] CodeGenerator:622 - code generatio: config db path: C:\ST\STM32CubeIDE_1.4.0\STM32CubeIDE\plugins\com.st.stm32cube.common.mx_6.0.0.202007160824\\db\
2025-12-15 11:59:58,618 [INFO] CodeEngine:188 - oldGeneratedFile, D:\MainBoardTCM\TCM\MXTmpFiles\license.tmp_save
2025-12-15 11:59:58,681 [INFO] CodeEngine:206 - Generated code: D:\MainBoardTCM\TCM\MXTmpFiles\license.tmp
2025-12-15 11:59:58,775 [INFO] CodeEngine:188 - oldGeneratedFile, D:\MainBoardTCM\TCM\MXTmpFiles\gpio.tmp_save
2025-12-15 11:59:58,838 [INFO] CodeEngine:206 - Generated code: D:\MainBoardTCM\TCM\MXTmpFiles\gpio.tmp
2025-12-15 11:59:58,918 [INFO] CodeEngine:188 - oldGeneratedFile, D:\MainBoardTCM\TCM\Core\Src\stm32l4xx_it.c_save
2025-12-15 11:59:59,018 [INFO] CodeEngine:206 - Generated code: D:\MainBoardTCM\TCM\Core\Src\stm32l4xx_it.c
2025-12-15 11:59:59,026 [INFO] CodeEngine:188 - oldGeneratedFile, D:\MainBoardTCM\TCM\Core\Inc\stm32l4xx_it.h_save
2025-12-15 11:59:59,104 [INFO] CodeEngine:206 - Generated code: D:\MainBoardTCM\TCM\Core\Inc\stm32l4xx_it.h
2025-12-15 11:59:59,120 [INFO] CodeEngine:188 - oldGeneratedFile, D:\MainBoardTCM\TCM\Core\Src\stm32l4xx_hal_msp.c_save
2025-12-15 11:59:59,246 [INFO] CodeEngine:206 - Generated code: D:\MainBoardTCM\TCM\Core\Src\stm32l4xx_hal_msp.c
2025-12-15 11:59:59,262 [INFO] CodeEngine:188 - oldGeneratedFile, D:\MainBoardTCM\TCM\MXTmpFiles\system.tmp_save
2025-12-15 11:59:59,293 [INFO] CodeEngine:206 - Generated code: D:\MainBoardTCM\TCM\MXTmpFiles\system.tmp
2025-12-15 11:59:59,293 [INFO] CodeEngine:188 - oldGeneratedFile, D:\MainBoardTCM\TCM\Core\Inc\stm32l4xx_hal_conf.h_save
2025-12-15 11:59:59,340 [INFO] CodeEngine:206 - Generated code: D:\MainBoardTCM\TCM\Core\Inc\stm32l4xx_hal_conf.h
2025-12-15 11:59:59,340 [WARN] IPConfigManager:2884 - IP not found : gpio
2025-12-15 11:59:59,356 [WARN] CodeGenerator:2866 - IP not found : gpio
2025-12-15 11:59:59,356 [INFO] CodeEngine:188 - oldGeneratedFile, D:\MainBoardTCM\TCM\Core\Inc\main.h_save
2025-12-15 11:59:59,403 [INFO] CodeEngine:206 - Generated code: D:\MainBoardTCM\TCM\Core\Inc\main.h
2025-12-15 11:59:59,403 [INFO] CodeEngine:188 - oldGeneratedFile, D:\MainBoardTCM\TCM\Core\Src\main.c_save
2025-12-15 11:59:59,466 [INFO] CodeEngine:206 - Generated code: D:\MainBoardTCM\TCM\Core\Src\main.c
2025-12-15 12:00:00,034 [INFO] ProjectBuilder:2168 - Time for Copy HAL[1] : 188mS.
2025-12-15 12:00:00,050 [INFO] ProjectBuilder:2988 - Project Generator version: 3.10.0-B14
2025-12-15 12:00:00,222 [INFO] ConfigFileManager:1183 - The Die is : DIE470
2025-12-15 12:00:02,293 [INFO] ProjectBuilder:3155 - Time for Generating toolchain IDE Files: 2243mS.
2025-12-15 12:00:02,293 [INFO] ProjectBuilder:2044 - Time for Copy CMSIS : 0mS.
2025-12-15 12:00:02,293 [INFO] ProjectBuilder:2044 - Time for Copy CMSIS : 0mS.
2025-12-15 12:01:10,444 [INFO] I2cTimingTraitement:320 - 0x00000E14
2025-12-15 12:01:22,988 [INFO] NvicIntPanel:90 - NVIC parent = com.st.microxplorer.plugins.ip.nvic.MultiNvicIntPanel[,0,0,667x430,layout=javax.swing.BoxLayout,alignmentX=0.0,alignmentY=0.0,border=,flags=9,maximumSize=,minimumSize=,preferredSize=]
2025-12-15 12:01:24,787 [INFO] NvicIntPanel:90 - NVIC parent = com.st.microxplorer.plugins.ip.nvic.MultiNvicIntPanel[,0,0,0x0,invalid,layout=javax.swing.BoxLayout,alignmentX=0.0,alignmentY=0.0,border=,flags=9,maximumSize=,minimumSize=,preferredSize=]
2025-12-15 12:03:40,214 [INFO] NvicIntPanel:90 - NVIC parent = com.st.microxplorer.plugins.ip.nvic.MultiNvicIntPanel[,0,0,906x430,layout=javax.swing.BoxLayout,alignmentX=0.0,alignmentY=0.0,border=,flags=9,maximumSize=,minimumSize=,preferredSize=]
2025-12-15 12:03:41,361 [INFO] NvicIntPanel:90 - NVIC parent = com.st.microxplorer.plugins.ip.nvic.MultiNvicIntPanel[,0,0,0x0,invalid,layout=javax.swing.BoxLayout,alignmentX=0.0,alignmentY=0.0,border=,flags=9,maximumSize=,minimumSize=,preferredSize=]
2025-12-15 12:03:57,380 [INFO] I2cTimingTraitement:320 - 0x00000E14
2025-12-15 12:03:57,392 [INFO] I2cTimingTraitement:320 - 0x00000E14
2025-12-15 12:04:29,875 [INFO] I2cTimingTraitement:320 - 0x00000E14
2025-12-15 12:04:35,517 [INFO] NvicIntPanel:90 - NVIC parent = com.st.microxplorer.plugins.ip.nvic.MultiNvicIntPanel[,0,0,906x430,layout=javax.swing.BoxLayout,alignmentX=0.0,alignmentY=0.0,border=,flags=9,maximumSize=,minimumSize=,preferredSize=]
2025-12-15 12:04:48,541 [INFO] I2cTimingTraitement:320 - 0x00000E14
2025-12-15 12:04:52,470 [INFO] NvicIntPanel:90 - NVIC parent = com.st.microxplorer.plugins.ip.nvic.MultiNvicIntPanel[,0,0,906x430,layout=javax.swing.BoxLayout,alignmentX=0.0,alignmentY=0.0,border=,flags=9,maximumSize=,minimumSize=,preferredSize=]
2025-12-15 12:04:53,656 [INFO] I2cTimingTraitement:320 - 0x00000E14
2025-12-15 12:04:53,687 [INFO] NvicIntPanel:90 - NVIC parent = com.st.microxplorer.plugins.ip.nvic.MultiNvicIntPanel[,0,0,0x0,invalid,layout=javax.swing.BoxLayout,alignmentX=0.0,alignmentY=0.0,border=,flags=9,maximumSize=,minimumSize=,preferredSize=]
2025-12-15 12:05:22,361 [INFO] I2cTimingTraitement:320 - 0x307075B1
2025-12-15 12:05:22,529 [INFO] I2cTimingTraitement:320 - 0x307075B1
2025-12-15 12:05:22,638 [INFO] ParamManager:801 - [Generic UI] PropertyChangeEvent: TAB_STATUS_CHANGED , "dont care", "never mind"
2025-12-15 12:05:34,992 [INFO] UtilMem:74 - End SaveConfig() Used Memory: 840285824 Bytes (1073741824)
2025-12-15 12:05:36,857 [INFO] UtilMem:74 - End SaveConfig() Used Memory: 853917320 Bytes (1073741824)
2025-12-15 12:05:38,224 [INFO] UtilMem:74 - End SaveConfig() Used Memory: 854719088 Bytes (1073741824)
2025-12-15 12:05:38,381 [INFO] ProjectBuilder:1816 - IP not ready for code generation: RCC
2025-12-15 12:06:11,383 [INFO] I2cTimingTraitement:320 - 0x307075B1
2025-12-15 12:06:11,419 [INFO] I2cTimingTraitement:320 - 0x307075B1
2025-12-15 12:06:11,431 [INFO] I2cTimingTraitement:320 - 0x307075B1
2025-12-15 12:06:11,462 [INFO] I2cTimingTraitement:320 - 0x307075B1
2025-12-15 12:06:18,577 [INFO] I2cTimingTraitement:320 - 0x307075B1
2025-12-15 12:06:18,608 [INFO] I2cTimingTraitement:320 - 0x307075B1
2025-12-15 12:06:18,608 [INFO] I2cTimingTraitement:320 - 0x307075B1
2025-12-15 12:06:18,641 [INFO] I2cTimingTraitement:320 - 0x307075B1
2025-12-15 12:06:31,976 [INFO] I2cTimingTraitement:320 - 0x307075B1
2025-12-15 12:06:45,287 [INFO] NvicIntPanel:90 - NVIC parent = com.st.microxplorer.plugins.ip.nvic.MultiNvicIntPanel[,0,0,906x430,layout=javax.swing.BoxLayout,alignmentX=0.0,alignmentY=0.0,border=,flags=9,maximumSize=,minimumSize=,preferredSize=]
2025-12-15 12:07:16,627 [INFO] I2cTimingTraitement:320 - 0x00303D5B
2025-12-15 12:07:16,737 [INFO] I2cTimingTraitement:320 - 0x00303D5B
2025-12-15 12:07:18,765 [INFO] I2cTimingTraitement:320 - 0x00303D5B
2025-12-15 12:07:18,796 [INFO] I2cTimingTraitement:320 - 0x00303D5B
2025-12-15 12:07:18,812 [INFO] I2cTimingTraitement:320 - 0x00303D5B
2025-12-15 12:07:18,843 [INFO] I2cTimingTraitement:320 - 0x00303D5B
2025-12-15 12:07:36,190 [INFO] I2cTimingTraitement:320 - 0x00303D5B
2025-12-15 12:07:41,592 [INFO] Gpio:250 - dependency for GPIO [I2C1, I2C2, UART4, USART2, USB_OTG_FS]
2025-12-15 12:08:09,199 [INFO] NvicIntPanel:90 - NVIC parent = com.st.microxplorer.plugins.ip.nvic.MultiNvicIntPanel[,2,27,906x956,layout=javax.swing.BoxLayout,alignmentX=0.0,alignmentY=0.0,border=,flags=9,maximumSize=,minimumSize=,preferredSize=]
2025-12-15 12:08:11,049 [INFO] Gpio:250 - dependency for GPIO [I2C1, I2C2, UART4, USART2, USB_OTG_FS]
2025-12-15 12:08:12,545 [INFO] UtilMem:74 - End SaveConfig() Used Memory: 895401048 Bytes (1073741824)
2025-12-15 12:08:13,738 [INFO] UtilMem:74 - End SaveConfig() Used Memory: 909032536 Bytes (1073741824)
2025-12-15 12:08:15,387 [INFO] UtilMem:74 - End SaveConfig() Used Memory: 909696712 Bytes (1073741824)
2025-12-15 12:08:15,587 [INFO] ProjectBuilder:1816 - IP not ready for code generation: RCC
2025-12-15 12:08:18,369 [INFO] BlockDiagram:2729 - set Specific Code input for plugin: USB_DEVICE
2025-12-15 12:08:18,369 [INFO] BlockDiagram:2729 - set Specific Code input for plugin: SYS
2025-12-15 12:08:18,369 [INFO] BlockDiagram:2729 - set Specific Code input for plugin: RCC
2025-12-15 12:08:18,369 [INFO] BlockDiagram:2729 - set Specific Code input for plugin: I2C
2025-12-15 12:08:18,369 [INFO] BlockDiagram:2729 - set Specific Code input for plugin: I2C
2025-12-15 12:08:18,369 [INFO] BlockDiagram:2729 - set Specific Code input for plugin: USB_OTG_FS
2025-12-15 12:08:18,369 [INFO] BlockDiagram:2729 - set Specific Code input for plugin: NVIC
2025-12-15 12:08:18,369 [INFO] BlockDiagram:2729 - set Specific Code input for plugin: USART
2025-12-15 12:08:18,369 [INFO] BlockDiagram:2729 - set Specific Code input for plugin: UART
2025-12-15 12:08:18,369 [INFO] BlockDiagram:2729 - set Specific Code input for plugin: GPIO
2025-12-15 12:08:18,369 [INFO] BlockDiagram:2729 - set Specific Code input for plugin: FATFS
2025-12-15 12:08:18,369 [INFO] CodeGenerator:622 - code generatio: config db path: C:\ST\STM32CubeIDE_1.4.0\STM32CubeIDE\plugins\com.st.stm32cube.common.mx_6.0.0.202007160824\\db\
2025-12-15 12:08:18,574 [INFO] CodeEngine:188 - oldGeneratedFile, D:\MainBoardTCM\TCM\MXTmpFiles\license.tmp_save
2025-12-15 12:08:18,622 [INFO] CodeEngine:206 - Generated code: D:\MainBoardTCM\TCM\MXTmpFiles\license.tmp
2025-12-15 12:08:18,669 [INFO] CodeEngine:188 - oldGeneratedFile, D:\MainBoardTCM\TCM\MXTmpFiles\gpio.tmp_save
2025-12-15 12:08:18,715 [INFO] CodeEngine:206 - Generated code: D:\MainBoardTCM\TCM\MXTmpFiles\gpio.tmp
2025-12-15 12:08:18,715 [INFO] LogOutputStream:76 - [STDOUT_REDIRECT] Command line test
2025-12-15 12:08:18,872 [INFO] CodeEngine:188 - oldGeneratedFile, D:\MainBoardTCM\TCM\MXTmpFiles\usb_otg_fs_vars.tmp_save
2025-12-15 12:08:18,919 [INFO] CodeEngine:206 - Generated code: D:\MainBoardTCM\TCM\MXTmpFiles\usb_otg_fs_vars.tmp
2025-12-15 12:08:18,919 [INFO] CodeEngine:188 - oldGeneratedFile, D:\MainBoardTCM\TCM\MXTmpFiles\usb_otg_fs_inc.tmp_save
2025-12-15 12:08:18,951 [INFO] CodeEngine:206 - Generated code: D:\MainBoardTCM\TCM\MXTmpFiles\usb_otg_fs_inc.tmp
2025-12-15 12:08:18,951 [INFO] CodeEngine:188 - oldGeneratedFile, D:\MainBoardTCM\TCM\MXTmpFiles\usb_otg_fs_HalInit.tmp_save
2025-12-15 12:08:18,982 [INFO] CodeEngine:206 - Generated code: D:\MainBoardTCM\TCM\MXTmpFiles\usb_otg_fs_HalInit.tmp
2025-12-15 12:08:18,998 [INFO] CodeEngine:188 - oldGeneratedFile, D:\MainBoardTCM\TCM\MXTmpFiles\usb_otg_fs_Msp.tmp_save
2025-12-15 12:08:19,029 [INFO] CodeEngine:206 - Generated code: D:\MainBoardTCM\TCM\MXTmpFiles\usb_otg_fs_Msp.tmp
2025-12-15 12:08:19,061 [ERROR] IPConfigManager:1435 - ERROR: the RefConfig I2CEnableFastModePlus is not available in your config.xml file
2025-12-15 12:08:19,076 [ERROR] IPConfigManager:1435 - ERROR: the RefConfig I2CEnableFastModePlus is not available in your config.xml file
2025-12-15 12:08:19,281 [INFO] LogOutputStream:76 - [STDOUT_REDIRECT] Command line
2025-12-15 12:08:19,296 [INFO] Middleware:1168 - No code input for Bsp Dependency
2025-12-15 12:08:19,317 [INFO] CodeEngine:188 - oldGeneratedFile, D:\MainBoardTCM\TCM\MXTmpFiles\fatfs_HalInit.tmp_save
2025-12-15 12:08:19,359 [INFO] CodeEngine:206 - Generated code: D:\MainBoardTCM\TCM\MXTmpFiles\fatfs_HalInit.tmp
2025-12-15 12:08:19,375 [INFO] CodeEngine:188 - oldGeneratedFile, D:\MainBoardTCM\TCM\MXTmpFiles\fatfs_vars.tmp_save
2025-12-15 12:08:19,422 [INFO] CodeEngine:206 - Generated code: D:\MainBoardTCM\TCM\MXTmpFiles\fatfs_vars.tmp
2025-12-15 12:08:19,438 [INFO] CodeEngine:188 - oldGeneratedFile, D:\MainBoardTCM\TCM\MXTmpFiles\fatfs_ext_vars.tmp_save
2025-12-15 12:08:19,532 [INFO] CodeEngine:206 - Generated code: D:\MainBoardTCM\TCM\MXTmpFiles\fatfs_ext_vars.tmp
2025-12-15 12:08:19,548 [INFO] CodeEngine:188 - oldGeneratedFile, D:\MainBoardTCM\TCM\MXTmpFiles\fatfs_inc.tmp_save
2025-12-15 12:08:19,563 [INFO] CodeEngine:206 - Generated code: D:\MainBoardTCM\TCM\MXTmpFiles\fatfs_inc.tmp
2025-12-15 12:08:19,579 [INFO] CodeEngine:188 - oldGeneratedFile, D:\MainBoardTCM\TCM\FATFS\Target\ffconf.h_save
2025-12-15 12:08:19,626 [INFO] CodeEngine:206 - Generated code: D:\MainBoardTCM\TCM\FATFS\Target\ffconf.h
2025-12-15 12:08:19,626 [INFO] CodeEngine:188 - oldGeneratedFile, D:\MainBoardTCM\TCM\FATFS\Target\user_diskio.c_save
2025-12-15 12:08:19,673 [INFO] CodeEngine:206 - Generated code: D:\MainBoardTCM\TCM\FATFS\Target\user_diskio.c
2025-12-15 12:08:19,689 [INFO] CodeEngine:188 - oldGeneratedFile, D:\MainBoardTCM\TCM\FATFS\Target\user_diskio.h_save
2025-12-15 12:08:19,736 [INFO] CodeEngine:206 - Generated code: D:\MainBoardTCM\TCM\FATFS\Target\user_diskio.h
2025-12-15 12:08:19,736 [INFO] CodeEngine:188 - oldGeneratedFile, D:\MainBoardTCM\TCM\FATFS\App\fatfs.c_save
2025-12-15 12:08:19,784 [INFO] CodeEngine:206 - Generated code: D:\MainBoardTCM\TCM\FATFS\App\fatfs.c
2025-12-15 12:08:19,784 [INFO] CodeEngine:188 - oldGeneratedFile, D:\MainBoardTCM\TCM\FATFS\App\fatfs.h_save
2025-12-15 12:08:19,818 [INFO] CodeEngine:206 - Generated code: D:\MainBoardTCM\TCM\FATFS\App\fatfs.h
2025-12-15 12:08:19,818 [INFO] LogOutputStream:76 - [STDOUT_REDIRECT] Command line
2025-12-15 12:08:19,818 [INFO] LogOutputStream:76 - [STDOUT_REDIRECT] Command line
2025-12-15 12:08:19,818 [INFO] LogOutputStream:76 - [STDOUT_REDIRECT] Command line
2025-12-15 12:08:19,831 [INFO] Middleware:1168 - No code input for Bsp Dependency
2025-12-15 12:08:19,831 [INFO] CodeEngine:188 - oldGeneratedFile, D:\MainBoardTCM\TCM\USB_DEVICE\App\usb_device.c_save
2025-12-15 12:08:19,862 [INFO] CodeEngine:206 - Generated code: D:\MainBoardTCM\TCM\USB_DEVICE\App\usb_device.c
2025-12-15 12:08:19,878 [INFO] CodeEngine:188 - oldGeneratedFile, D:\MainBoardTCM\TCM\USB_DEVICE\App\usb_device.h_save
2025-12-15 12:08:19,909 [INFO] CodeEngine:206 - Generated code: D:\MainBoardTCM\TCM\USB_DEVICE\App\usb_device.h
2025-12-15 12:08:19,918 [INFO] CodeEngine:188 - oldGeneratedFile, D:\MainBoardTCM\TCM\USB_DEVICE\Target\usbd_conf.h_save
2025-12-15 12:08:19,941 [INFO] CodeEngine:206 - Generated code: D:\MainBoardTCM\TCM\USB_DEVICE\Target\usbd_conf.h
2025-12-15 12:08:19,957 [INFO] CodeEngine:188 - oldGeneratedFile, D:\MainBoardTCM\TCM\USB_DEVICE\Target\usbd_conf.c_save
2025-12-15 12:08:19,988 [INFO] CodeEngine:206 - Generated code: D:\MainBoardTCM\TCM\USB_DEVICE\Target\usbd_conf.c
2025-12-15 12:08:20,003 [INFO] CodeEngine:188 - oldGeneratedFile, D:\MainBoardTCM\TCM\USB_DEVICE\App\usbd_desc.h_save
2025-12-15 12:08:20,035 [INFO] CodeEngine:206 - Generated code: D:\MainBoardTCM\TCM\USB_DEVICE\App\usbd_desc.h
2025-12-15 12:08:20,035 [INFO] CodeEngine:188 - oldGeneratedFile, D:\MainBoardTCM\TCM\USB_DEVICE\App\usbd_desc.c_save
2025-12-15 12:08:20,067 [INFO] CodeEngine:206 - Generated code: D:\MainBoardTCM\TCM\USB_DEVICE\App\usbd_desc.c
2025-12-15 12:08:20,067 [INFO] CodeEngine:188 - oldGeneratedFile, D:\MainBoardTCM\TCM\USB_DEVICE\App\usbd_cdc_if.h_save
2025-12-15 12:08:20,098 [INFO] CodeEngine:206 - Generated code: D:\MainBoardTCM\TCM\USB_DEVICE\App\usbd_cdc_if.h
2025-12-15 12:08:20,113 [INFO] CodeEngine:188 - oldGeneratedFile, D:\MainBoardTCM\TCM\USB_DEVICE\App\usbd_cdc_if.c_save
2025-12-15 12:08:20,145 [INFO] CodeEngine:206 - Generated code: D:\MainBoardTCM\TCM\USB_DEVICE\App\usbd_cdc_if.c
2025-12-15 12:08:20,145 [INFO] CodeEngine:188 - oldGeneratedFile, D:\MainBoardTCM\TCM\Core\Src\stm32l4xx_it.c_save
2025-12-15 12:08:20,192 [INFO] CodeEngine:206 - Generated code: D:\MainBoardTCM\TCM\Core\Src\stm32l4xx_it.c
2025-12-15 12:08:20,208 [INFO] CodeEngine:188 - oldGeneratedFile, D:\MainBoardTCM\TCM\Core\Inc\stm32l4xx_it.h_save
2025-12-15 12:08:20,240 [INFO] CodeEngine:206 - Generated code: D:\MainBoardTCM\TCM\Core\Inc\stm32l4xx_it.h
2025-12-15 12:08:20,240 [INFO] CodeEngine:188 - oldGeneratedFile, D:\MainBoardTCM\TCM\Core\Src\stm32l4xx_hal_msp.c_save
2025-12-15 12:08:20,302 [INFO] CodeEngine:206 - Generated code: D:\MainBoardTCM\TCM\Core\Src\stm32l4xx_hal_msp.c
2025-12-15 12:08:20,319 [INFO] CodeEngine:188 - oldGeneratedFile, D:\MainBoardTCM\TCM\MXTmpFiles\system.tmp_save
2025-12-15 12:08:20,365 [INFO] CodeEngine:206 - Generated code: D:\MainBoardTCM\TCM\MXTmpFiles\system.tmp
2025-12-15 12:08:20,381 [INFO] CodeEngine:188 - oldGeneratedFile, D:\MainBoardTCM\TCM\Core\Inc\stm32l4xx_hal_conf.h_save
2025-12-15 12:08:20,428 [INFO] CodeEngine:206 - Generated code: D:\MainBoardTCM\TCM\Core\Inc\stm32l4xx_hal_conf.h
2025-12-15 12:08:20,459 [WARN] IPConfigManager:2884 - IP not found : gpio
2025-12-15 12:08:20,459 [WARN] CodeGenerator:2866 - IP not found : gpio
2025-12-15 12:08:20,475 [INFO] CodeEngine:188 - oldGeneratedFile, D:\MainBoardTCM\TCM\Core\Inc\main.h_save
2025-12-15 12:08:20,522 [INFO] CodeEngine:206 - Generated code: D:\MainBoardTCM\TCM\Core\Inc\main.h
2025-12-15 12:08:20,538 [INFO] CodeEngine:188 - oldGeneratedFile, D:\MainBoardTCM\TCM\Core\Src\main.c_save
2025-12-15 12:08:20,679 [INFO] CodeEngine:206 - Generated code: D:\MainBoardTCM\TCM\Core\Src\main.c
2025-12-15 12:08:21,291 [INFO] ProjectBuilder:2168 - Time for Copy HAL[1] : 250mS.
2025-12-15 12:08:21,291 [INFO] ProjectBuilder:2988 - Project Generator version: 3.10.0-B14
2025-12-15 12:08:22,404 [INFO] ConfigFileManager:1183 - The Die is : DIE470
2025-12-15 12:08:23,521 [INFO] ProjectBuilder:3155 - Time for Generating toolchain IDE Files: 2230mS.
2025-12-15 12:08:23,521 [INFO] ProjectBuilder:2044 - Time for Copy CMSIS : 0mS.
2025-12-15 12:08:23,537 [INFO] ProjectBuilder:2044 - Time for Copy CMSIS : 0mS.
2025-12-15 12:09:34,616 [INFO] I2cTimingTraitement:320 - 0x00303D5B
2025-12-15 12:09:34,656 [INFO] I2cTimingTraitement:320 - 0x00303D5B
2025-12-15 12:09:34,679 [INFO] I2cTimingTraitement:320 - 0x00303D5B
2025-12-15 12:09:34,710 [INFO] I2cTimingTraitement:320 - 0x00303D5B
2025-12-15 12:17:55,534 [INFO] Gpio:250 - dependency for GPIO [I2C1, I2C2, UART4, USART2, USB_OTG_FS]
2025-12-15 12:17:58,674 [INFO] RtosManager:751 - Current active RTOS is FREERTOS [Cortex-M4NS]
2025-12-15 12:17:58,942 [ERROR] RtosPanel:523 - Can not restore the selected Tab for FREERTOS(A reason can be that the tab is no more available.)
2025-12-15 12:17:58,988 [ERROR] RtosPanel:523 - Can not restore the selected Tab for FREERTOS(A reason can be that the tab is no more available.)
2025-12-15 12:18:14,561 [INFO] TasksAndQueuesTab:731 - Dynamic
2025-12-15 12:18:14,561 [WARN] TasksAndQueuesTab:737 - 128 128
2025-12-15 12:18:14,561 [WARN] TasksAndQueuesTab:749 - max value is: 750.0
2025-12-15 12:18:33,666 [INFO] UtilMem:74 - End SaveConfig() Used Memory: 874308816 Bytes (1073741824)
2025-12-15 12:18:34,860 [INFO] UtilMem:74 - End SaveConfig() Used Memory: 887940312 Bytes (1073741824)
2025-12-15 12:18:36,590 [INFO] UtilMem:74 - End SaveConfig() Used Memory: 854584736 Bytes (1073741824)
2025-12-15 12:18:36,732 [INFO] ProjectBuilder:1816 - IP not ready for code generation: RCC
2025-12-15 12:18:46,956 [INFO] BlockDiagram:2729 - set Specific Code input for plugin: FREERTOS
2025-12-15 12:18:46,956 [INFO] BlockDiagram:2729 - set Specific Code input for plugin: USB_DEVICE
2025-12-15 12:18:46,956 [INFO] BlockDiagram:2729 - set Specific Code input for plugin: SYS
2025-12-15 12:18:46,956 [INFO] BlockDiagram:2729 - set Specific Code input for plugin: RCC
2025-12-15 12:18:46,956 [INFO] BlockDiagram:2729 - set Specific Code input for plugin: I2C
2025-12-15 12:18:46,956 [INFO] BlockDiagram:2729 - set Specific Code input for plugin: I2C
2025-12-15 12:18:46,956 [INFO] BlockDiagram:2729 - set Specific Code input for plugin: USB_OTG_FS
2025-12-15 12:18:46,956 [INFO] BlockDiagram:2729 - set Specific Code input for plugin: NVIC
2025-12-15 12:18:46,956 [INFO] BlockDiagram:2729 - set Specific Code input for plugin: USART
2025-12-15 12:18:46,956 [INFO] BlockDiagram:2729 - set Specific Code input for plugin: UART
2025-12-15 12:18:46,956 [INFO] BlockDiagram:2729 - set Specific Code input for plugin: GPIO
2025-12-15 12:18:46,956 [INFO] CodeGenerator:622 - code generatio: config db path: C:\ST\STM32CubeIDE_1.4.0\STM32CubeIDE\plugins\com.st.stm32cube.common.mx_6.0.0.202007160824\\db\
2025-12-15 12:18:47,113 [INFO] CodeEngine:188 - oldGeneratedFile, D:\MainBoardTCM\TCM\MXTmpFiles\license.tmp_save
2025-12-15 12:18:47,160 [INFO] CodeEngine:206 - Generated code: D:\MainBoardTCM\TCM\MXTmpFiles\license.tmp
2025-12-15 12:18:47,207 [INFO] CodeEngine:188 - oldGeneratedFile, D:\MainBoardTCM\TCM\MXTmpFiles\gpio.tmp_save
2025-12-15 12:18:47,255 [INFO] CodeEngine:206 - Generated code: D:\MainBoardTCM\TCM\MXTmpFiles\gpio.tmp
2025-12-15 12:18:47,255 [INFO] LogOutputStream:76 - [STDOUT_REDIRECT] Command line test
2025-12-15 12:18:47,355 [INFO] CodeEngine:188 - oldGeneratedFile, D:\MainBoardTCM\TCM\MXTmpFiles\usb_otg_fs_vars.tmp_save
2025-12-15 12:18:47,443 [INFO] CodeEngine:206 - Generated code: D:\MainBoardTCM\TCM\MXTmpFiles\usb_otg_fs_vars.tmp
2025-12-15 12:18:47,456 [INFO] CodeEngine:188 - oldGeneratedFile, D:\MainBoardTCM\TCM\MXTmpFiles\usb_otg_fs_inc.tmp_save
2025-12-15 12:18:47,491 [INFO] CodeEngine:206 - Generated code: D:\MainBoardTCM\TCM\MXTmpFiles\usb_otg_fs_inc.tmp
2025-12-15 12:18:47,491 [INFO] CodeEngine:188 - oldGeneratedFile, D:\MainBoardTCM\TCM\MXTmpFiles\usb_otg_fs_HalInit.tmp_save
2025-12-15 12:18:47,522 [INFO] CodeEngine:206 - Generated code: D:\MainBoardTCM\TCM\MXTmpFiles\usb_otg_fs_HalInit.tmp
2025-12-15 12:18:47,522 [INFO] CodeEngine:188 - oldGeneratedFile, D:\MainBoardTCM\TCM\MXTmpFiles\usb_otg_fs_Msp.tmp_save
2025-12-15 12:18:47,569 [INFO] CodeEngine:206 - Generated code: D:\MainBoardTCM\TCM\MXTmpFiles\usb_otg_fs_Msp.tmp
2025-12-15 12:18:47,601 [ERROR] IPConfigManager:1435 - ERROR: the RefConfig I2CEnableFastModePlus is not available in your config.xml file
2025-12-15 12:18:47,632 [ERROR] IPConfigManager:1435 - ERROR: the RefConfig I2CEnableFastModePlus is not available in your config.xml file
2025-12-15 12:18:47,789 [INFO] LogOutputStream:76 - [STDOUT_REDIRECT] Command line
2025-12-15 12:18:47,805 [INFO] Middleware:1168 - No code input for Bsp Dependency
2025-12-15 12:18:47,821 [INFO] CodeEngine:188 - oldGeneratedFile, D:\MainBoardTCM\TCM\MXTmpFiles\rtos_inc.tmp_save
2025-12-15 12:18:47,868 [INFO] CodeEngine:206 - Generated code: D:\MainBoardTCM\TCM\MXTmpFiles\rtos_inc.tmp
2025-12-15 12:18:47,884 [INFO] CodeEngine:188 - oldGeneratedFile, D:\MainBoardTCM\TCM\MXTmpFiles\rtos_vars.tmp_save
2025-12-15 12:18:47,930 [INFO] CodeEngine:206 - Generated code: D:\MainBoardTCM\TCM\MXTmpFiles\rtos_vars.tmp
2025-12-15 12:18:47,962 [INFO] CodeEngine:188 - oldGeneratedFile, D:\MainBoardTCM\TCM\MXTmpFiles\rtos_pfp.tmp_save
2025-12-15 12:18:48,009 [INFO] CodeEngine:206 - Generated code: D:\MainBoardTCM\TCM\MXTmpFiles\rtos_pfp.tmp
2025-12-15 12:18:48,009 [INFO] CodeEngine:188 - oldGeneratedFile, D:\MainBoardTCM\TCM\MXTmpFiles\rtos_obj_creat.tmp_save
2025-12-15 12:18:48,103 [INFO] CodeEngine:206 - Generated code: D:\MainBoardTCM\TCM\MXTmpFiles\rtos_obj_creat.tmp
2025-12-15 12:18:48,119 [INFO] CodeEngine:188 - oldGeneratedFile, D:\MainBoardTCM\TCM\MXTmpFiles\rtos_kernelStart.tmp_save
2025-12-15 12:18:48,135 [INFO] CodeEngine:206 - Generated code: D:\MainBoardTCM\TCM\MXTmpFiles\rtos_kernelStart.tmp
2025-12-15 12:18:48,157 [INFO] CodeEngine:188 - oldGeneratedFile, D:\MainBoardTCM\TCM\MXTmpFiles\rtos_default_thread.tmp_save
2025-12-15 12:18:48,182 [INFO] CodeEngine:206 - Generated code: D:\MainBoardTCM\TCM\MXTmpFiles\rtos_default_thread.tmp
2025-12-15 12:18:48,182 [INFO] CodeEngine:188 - oldGeneratedFile, D:\MainBoardTCM\TCM\MXTmpFiles\rtos_threads.tmp_save
2025-12-15 12:18:48,213 [INFO] CodeEngine:206 - Generated code: D:\MainBoardTCM\TCM\MXTmpFiles\rtos_threads.tmp
2025-12-15 12:18:48,213 [INFO] CodeEngine:188 - oldGeneratedFile, D:\MainBoardTCM\TCM\Core\Inc\FreeRTOSConfig.h_save
2025-12-15 12:18:48,257 [INFO] CodeEngine:206 - Generated code: D:\MainBoardTCM\TCM\Core\Inc\FreeRTOSConfig.h
2025-12-15 12:18:48,260 [INFO] CodeEngine:188 - oldGeneratedFile, D:\MainBoardTCM\TCM\Core\Src\freertos.c_save
2025-12-15 12:18:48,292 [INFO] CodeEngine:206 - Generated code: D:\MainBoardTCM\TCM\Core\Src\freertos.c
2025-12-15 12:18:48,292 [INFO] LogOutputStream:76 - [STDOUT_REDIRECT] Command line
2025-12-15 12:18:48,292 [INFO] LogOutputStream:76 - [STDOUT_REDIRECT] Command line
2025-12-15 12:18:48,292 [INFO] LogOutputStream:76 - [STDOUT_REDIRECT] Command line
2025-12-15 12:18:48,292 [INFO] Middleware:1168 - No code input for Bsp Dependency
2025-12-15 12:18:48,308 [INFO] CodeEngine:188 - oldGeneratedFile, D:\MainBoardTCM\TCM\USB_DEVICE\App\usb_device.c_save
2025-12-15 12:18:48,339 [INFO] CodeEngine:206 - Generated code: D:\MainBoardTCM\TCM\USB_DEVICE\App\usb_device.c
2025-12-15 12:18:48,339 [INFO] CodeEngine:188 - oldGeneratedFile, D:\MainBoardTCM\TCM\USB_DEVICE\App\usb_device.h_save
2025-12-15 12:18:48,370 [INFO] CodeEngine:206 - Generated code: D:\MainBoardTCM\TCM\USB_DEVICE\App\usb_device.h
2025-12-15 12:18:48,386 [INFO] CodeEngine:188 - oldGeneratedFile, D:\MainBoardTCM\TCM\USB_DEVICE\Target\usbd_conf.h_save
2025-12-15 12:18:48,402 [INFO] CodeEngine:206 - Generated code: D:\MainBoardTCM\TCM\USB_DEVICE\Target\usbd_conf.h
2025-12-15 12:18:48,417 [INFO] CodeEngine:188 - oldGeneratedFile, D:\MainBoardTCM\TCM\USB_DEVICE\Target\usbd_conf.c_save
2025-12-15 12:18:48,464 [INFO] CodeEngine:206 - Generated code: D:\MainBoardTCM\TCM\USB_DEVICE\Target\usbd_conf.c
2025-12-15 12:18:48,464 [INFO] CodeEngine:188 - oldGeneratedFile, D:\MainBoardTCM\TCM\USB_DEVICE\App\usbd_desc.h_save
2025-12-15 12:18:48,496 [INFO] CodeEngine:206 - Generated code: D:\MainBoardTCM\TCM\USB_DEVICE\App\usbd_desc.h
2025-12-15 12:18:48,527 [INFO] CodeEngine:188 - oldGeneratedFile, D:\MainBoardTCM\TCM\USB_DEVICE\App\usbd_desc.c_save
2025-12-15 12:18:48,559 [INFO] CodeEngine:206 - Generated code: D:\MainBoardTCM\TCM\USB_DEVICE\App\usbd_desc.c
2025-12-15 12:18:48,559 [INFO] CodeEngine:188 - oldGeneratedFile, D:\MainBoardTCM\TCM\USB_DEVICE\App\usbd_cdc_if.h_save
2025-12-15 12:18:48,590 [INFO] CodeEngine:206 - Generated code: D:\MainBoardTCM\TCM\USB_DEVICE\App\usbd_cdc_if.h
2025-12-15 12:18:48,606 [INFO] CodeEngine:188 - oldGeneratedFile, D:\MainBoardTCM\TCM\USB_DEVICE\App\usbd_cdc_if.c_save
2025-12-15 12:18:48,653 [INFO] CodeEngine:206 - Generated code: D:\MainBoardTCM\TCM\USB_DEVICE\App\usbd_cdc_if.c
2025-12-15 12:18:48,669 [INFO] CodeEngine:188 - oldGeneratedFile, D:\MainBoardTCM\TCM\Core\Src\stm32l4xx_it.c_save
2025-12-15 12:18:48,716 [INFO] CodeEngine:206 - Generated code: D:\MainBoardTCM\TCM\Core\Src\stm32l4xx_it.c
2025-12-15 12:18:48,731 [INFO] CodeEngine:188 - oldGeneratedFile, D:\MainBoardTCM\TCM\Core\Inc\stm32l4xx_it.h_save
2025-12-15 12:18:48,758 [INFO] CodeEngine:206 - Generated code: D:\MainBoardTCM\TCM\Core\Inc\stm32l4xx_it.h
2025-12-15 12:18:48,763 [INFO] CodeEngine:188 - oldGeneratedFile, D:\MainBoardTCM\TCM\Core\Src\stm32l4xx_hal_msp.c_save
2025-12-15 12:18:48,841 [INFO] CodeEngine:206 - Generated code: D:\MainBoardTCM\TCM\Core\Src\stm32l4xx_hal_msp.c
2025-12-15 12:18:48,859 [INFO] CodeEngine:188 - oldGeneratedFile, D:\MainBoardTCM\TCM\MXTmpFiles\system.tmp_save
2025-12-15 12:18:48,904 [INFO] CodeEngine:206 - Generated code: D:\MainBoardTCM\TCM\MXTmpFiles\system.tmp
2025-12-15 12:18:48,920 [INFO] CodeEngine:188 - oldGeneratedFile, D:\MainBoardTCM\TCM\Core\Inc\stm32l4xx_hal_conf.h_save
2025-12-15 12:18:48,967 [INFO] CodeEngine:206 - Generated code: D:\MainBoardTCM\TCM\Core\Inc\stm32l4xx_hal_conf.h
2025-12-15 12:18:48,998 [WARN] IPConfigManager:2884 - IP not found : gpio
2025-12-15 12:18:48,998 [WARN] CodeGenerator:2866 - IP not found : gpio
2025-12-15 12:18:49,014 [INFO] CodeEngine:188 - oldGeneratedFile, D:\MainBoardTCM\TCM\Core\Inc\main.h_save
2025-12-15 12:18:49,077 [INFO] CodeEngine:206 - Generated code: D:\MainBoardTCM\TCM\Core\Inc\main.h
2025-12-15 12:18:49,124 [INFO] CodeEngine:188 - oldGeneratedFile, D:\MainBoardTCM\TCM\Core\Src\main.c_save
2025-12-15 12:18:49,203 [INFO] CodeEngine:206 - Generated code: D:\MainBoardTCM\TCM\Core\Src\main.c
2025-12-15 12:18:49,862 [INFO] ProjectBuilder:2168 - Time for Copy HAL[1] : 314mS.
2025-12-15 12:18:49,862 [INFO] ProjectBuilder:2988 - Project Generator version: 3.10.0-B14
2025-12-15 12:18:51,064 [INFO] ConfigFileManager:1183 - The Die is : DIE470
2025-12-15 12:18:52,156 [INFO] ProjectBuilder:3155 - Time for Generating toolchain IDE Files: 2294mS.
2025-12-15 12:18:52,156 [INFO] ProjectBuilder:2044 - Time for Copy CMSIS : 0mS.
2025-12-15 12:18:52,172 [INFO] ProjectBuilder:2044 - Time for Copy CMSIS : 0mS.
2025-12-15 12:18:52,172 [INFO] ProjectBuilder:2333 - Suppression de : ffconf.h
2025-12-15 12:18:52,172 [INFO] ProjectBuilder:2333 - Suppression de : user_diskio.c
2025-12-15 12:18:52,188 [INFO] ProjectBuilder:2333 - Suppression de : user_diskio.h
2025-12-15 12:18:52,188 [INFO] ProjectBuilder:2333 - Suppression de : fatfs.c
2025-12-15 12:18:52,188 [INFO] ProjectBuilder:2333 - Suppression de : fatfs.h
2025-12-15 12:19:27,676 [ERROR] RtosPanel:523 - Can not restore the selected Tab for FREERTOS(A reason can be that the tab is no more available.)
2025-12-15 12:19:52,159 [ERROR] RtosPanel:523 - Can not restore the selected Tab for FREERTOS(A reason can be that the tab is no more available.)
2025-12-15 12:19:55,899 [INFO] RtosManager:760 - There is no active RTOS [Cortex-M4NS]
2025-12-15 12:20:00,081 [INFO] UtilMem:74 - End SaveConfig() Used Memory: 869329960 Bytes (1073741824)
2025-12-15 12:20:01,652 [INFO] UtilMem:74 - End SaveConfig() Used Memory: 883296040 Bytes (1073741824)
2025-12-15 12:20:04,827 [INFO] UtilMem:74 - End SaveConfig() Used Memory: 895010552 Bytes (1073741824)
2025-12-15 12:20:04,985 [INFO] ProjectBuilder:1816 - IP not ready for code generation: RCC
2025-12-15 12:20:07,634 [INFO] BlockDiagram:2729 - set Specific Code input for plugin: USB_DEVICE
2025-12-15 12:20:07,634 [INFO] BlockDiagram:2729 - set Specific Code input for plugin: SYS
2025-12-15 12:20:07,634 [INFO] BlockDiagram:2729 - set Specific Code input for plugin: RCC
2025-12-15 12:20:07,634 [INFO] BlockDiagram:2729 - set Specific Code input for plugin: I2C
2025-12-15 12:20:07,634 [INFO] BlockDiagram:2729 - set Specific Code input for plugin: I2C
2025-12-15 12:20:07,634 [INFO] BlockDiagram:2729 - set Specific Code input for plugin: USB_OTG_FS
2025-12-15 12:20:07,634 [INFO] BlockDiagram:2729 - set Specific Code input for plugin: NVIC
2025-12-15 12:20:07,634 [INFO] BlockDiagram:2729 - set Specific Code input for plugin: USART
2025-12-15 12:20:07,634 [INFO] BlockDiagram:2729 - set Specific Code input for plugin: UART
2025-12-15 12:20:07,634 [INFO] BlockDiagram:2729 - set Specific Code input for plugin: GPIO
2025-12-15 12:20:07,634 [INFO] CodeGenerator:622 - code generatio: config db path: C:\ST\STM32CubeIDE_1.4.0\STM32CubeIDE\plugins\com.st.stm32cube.common.mx_6.0.0.202007160824\\db\
2025-12-15 12:20:07,792 [INFO] CodeEngine:188 - oldGeneratedFile, D:\MainBoardTCM\TCM\MXTmpFiles\license.tmp_save
2025-12-15 12:20:07,830 [INFO] CodeEngine:206 - Generated code: D:\MainBoardTCM\TCM\MXTmpFiles\license.tmp
2025-12-15 12:20:07,877 [INFO] CodeEngine:188 - oldGeneratedFile, D:\MainBoardTCM\TCM\MXTmpFiles\gpio.tmp_save
2025-12-15 12:20:07,925 [INFO] CodeEngine:206 - Generated code: D:\MainBoardTCM\TCM\MXTmpFiles\gpio.tmp
2025-12-15 12:20:07,925 [INFO] LogOutputStream:76 - [STDOUT_REDIRECT] Command line test
2025-12-15 12:20:08,019 [INFO] CodeEngine:188 - oldGeneratedFile, D:\MainBoardTCM\TCM\MXTmpFiles\usb_otg_fs_vars.tmp_save
2025-12-15 12:20:08,113 [INFO] CodeEngine:206 - Generated code: D:\MainBoardTCM\TCM\MXTmpFiles\usb_otg_fs_vars.tmp
2025-12-15 12:20:08,129 [INFO] CodeEngine:188 - oldGeneratedFile, D:\MainBoardTCM\TCM\MXTmpFiles\usb_otg_fs_inc.tmp_save
2025-12-15 12:20:08,145 [INFO] CodeEngine:206 - Generated code: D:\MainBoardTCM\TCM\MXTmpFiles\usb_otg_fs_inc.tmp
2025-12-15 12:20:08,160 [INFO] CodeEngine:188 - oldGeneratedFile, D:\MainBoardTCM\TCM\MXTmpFiles\usb_otg_fs_HalInit.tmp_save
2025-12-15 12:20:08,176 [INFO] CodeEngine:206 - Generated code: D:\MainBoardTCM\TCM\MXTmpFiles\usb_otg_fs_HalInit.tmp
2025-12-15 12:20:08,192 [INFO] CodeEngine:188 - oldGeneratedFile, D:\MainBoardTCM\TCM\MXTmpFiles\usb_otg_fs_Msp.tmp_save
2025-12-15 12:20:08,223 [INFO] CodeEngine:206 - Generated code: D:\MainBoardTCM\TCM\MXTmpFiles\usb_otg_fs_Msp.tmp
2025-12-15 12:20:08,223 [ERROR] IPConfigManager:1435 - ERROR: the RefConfig I2CEnableFastModePlus is not available in your config.xml file
2025-12-15 12:20:08,255 [ERROR] IPConfigManager:1435 - ERROR: the RefConfig I2CEnableFastModePlus is not available in your config.xml file
2025-12-15 12:20:08,365 [INFO] LogOutputStream:76 - [STDOUT_REDIRECT] Command line
2025-12-15 12:20:08,365 [INFO] LogOutputStream:76 - [STDOUT_REDIRECT] Command line
2025-12-15 12:20:08,365 [INFO] LogOutputStream:76 - [STDOUT_REDIRECT] Command line
2025-12-15 12:20:08,365 [INFO] Middleware:1168 - No code input for Bsp Dependency
2025-12-15 12:20:08,380 [INFO] CodeEngine:188 - oldGeneratedFile, D:\MainBoardTCM\TCM\USB_DEVICE\App\usb_device.c_save
2025-12-15 12:20:08,412 [INFO] CodeEngine:206 - Generated code: D:\MainBoardTCM\TCM\USB_DEVICE\App\usb_device.c
2025-12-15 12:20:08,412 [INFO] CodeEngine:188 - oldGeneratedFile, D:\MainBoardTCM\TCM\USB_DEVICE\App\usb_device.h_save
2025-12-15 12:20:08,443 [INFO] CodeEngine:206 - Generated code: D:\MainBoardTCM\TCM\USB_DEVICE\App\usb_device.h
2025-12-15 12:20:08,459 [INFO] CodeEngine:188 - oldGeneratedFile, D:\MainBoardTCM\TCM\USB_DEVICE\Target\usbd_conf.h_save
2025-12-15 12:20:08,522 [INFO] CodeEngine:206 - Generated code: D:\MainBoardTCM\TCM\USB_DEVICE\Target\usbd_conf.h
2025-12-15 12:20:08,537 [INFO] CodeEngine:188 - oldGeneratedFile, D:\MainBoardTCM\TCM\USB_DEVICE\Target\usbd_conf.c_save
2025-12-15 12:20:08,600 [INFO] CodeEngine:206 - Generated code: D:\MainBoardTCM\TCM\USB_DEVICE\Target\usbd_conf.c
2025-12-15 12:20:08,616 [INFO] CodeEngine:188 - oldGeneratedFile, D:\MainBoardTCM\TCM\USB_DEVICE\App\usbd_desc.h_save
2025-12-15 12:20:08,679 [INFO] CodeEngine:206 - Generated code: D:\MainBoardTCM\TCM\USB_DEVICE\App\usbd_desc.h
2025-12-15 12:20:08,695 [INFO] CodeEngine:188 - oldGeneratedFile, D:\MainBoardTCM\TCM\USB_DEVICE\App\usbd_desc.c_save
2025-12-15 12:20:08,804 [INFO] CodeEngine:206 - Generated code: D:\MainBoardTCM\TCM\USB_DEVICE\App\usbd_desc.c
2025-12-15 12:20:08,804 [INFO] CodeEngine:188 - oldGeneratedFile, D:\MainBoardTCM\TCM\USB_DEVICE\App\usbd_cdc_if.h_save
2025-12-15 12:20:08,836 [INFO] CodeEngine:206 - Generated code: D:\MainBoardTCM\TCM\USB_DEVICE\App\usbd_cdc_if.h
2025-12-15 12:20:08,851 [INFO] CodeEngine:188 - oldGeneratedFile, D:\MainBoardTCM\TCM\USB_DEVICE\App\usbd_cdc_if.c_save
2025-12-15 12:20:08,883 [INFO] CodeEngine:206 - Generated code: D:\MainBoardTCM\TCM\USB_DEVICE\App\usbd_cdc_if.c
2025-12-15 12:20:08,899 [INFO] CodeEngine:188 - oldGeneratedFile, D:\MainBoardTCM\TCM\Core\Src\stm32l4xx_it.c_save
2025-12-15 12:20:08,946 [INFO] CodeEngine:206 - Generated code: D:\MainBoardTCM\TCM\Core\Src\stm32l4xx_it.c
2025-12-15 12:20:08,946 [INFO] CodeEngine:188 - oldGeneratedFile, D:\MainBoardTCM\TCM\Core\Inc\stm32l4xx_it.h_save
2025-12-15 12:20:08,977 [INFO] CodeEngine:206 - Generated code: D:\MainBoardTCM\TCM\Core\Inc\stm32l4xx_it.h
2025-12-15 12:20:08,994 [INFO] CodeEngine:188 - oldGeneratedFile, D:\MainBoardTCM\TCM\Core\Src\stm32l4xx_hal_msp.c_save
2025-12-15 12:20:09,040 [INFO] CodeEngine:206 - Generated code: D:\MainBoardTCM\TCM\Core\Src\stm32l4xx_hal_msp.c
2025-12-15 12:20:09,055 [INFO] CodeEngine:188 - oldGeneratedFile, D:\MainBoardTCM\TCM\MXTmpFiles\system.tmp_save
2025-12-15 12:20:09,071 [INFO] CodeEngine:206 - Generated code: D:\MainBoardTCM\TCM\MXTmpFiles\system.tmp
2025-12-15 12:20:09,087 [INFO] CodeEngine:188 - oldGeneratedFile, D:\MainBoardTCM\TCM\Core\Inc\stm32l4xx_hal_conf.h_save
2025-12-15 12:20:09,118 [INFO] CodeEngine:206 - Generated code: D:\MainBoardTCM\TCM\Core\Inc\stm32l4xx_hal_conf.h
2025-12-15 12:20:09,118 [WARN] IPConfigManager:2884 - IP not found : gpio
2025-12-15 12:20:09,118 [WARN] CodeGenerator:2866 - IP not found : gpio
2025-12-15 12:20:09,134 [INFO] CodeEngine:188 - oldGeneratedFile, D:\MainBoardTCM\TCM\Core\Inc\main.h_save
2025-12-15 12:20:09,165 [INFO] CodeEngine:206 - Generated code: D:\MainBoardTCM\TCM\Core\Inc\main.h
2025-12-15 12:20:09,165 [INFO] CodeEngine:188 - oldGeneratedFile, D:\MainBoardTCM\TCM\Core\Src\main.c_save
2025-12-15 12:20:09,259 [INFO] CodeEngine:206 - Generated code: D:\MainBoardTCM\TCM\Core\Src\main.c
2025-12-15 12:20:09,809 [INFO] ProjectBuilder:2168 - Time for Copy HAL[1] : 172mS.
2025-12-15 12:20:09,825 [INFO] ProjectBuilder:2988 - Project Generator version: 3.10.0-B14
2025-12-15 12:20:10,957 [INFO] ConfigFileManager:1183 - The Die is : DIE470
2025-12-15 12:20:11,961 [INFO] ProjectBuilder:3155 - Time for Generating toolchain IDE Files: 2136mS.
2025-12-15 12:20:11,961 [INFO] ProjectBuilder:2044 - Time for Copy CMSIS : 0mS.
2025-12-15 12:20:11,961 [INFO] ProjectBuilder:2044 - Time for Copy CMSIS : 0mS.
2025-12-15 12:20:26,436 [INFO] I2cTimingTraitement:320 - 0x00303D5B
2025-12-15 12:20:26,452 [INFO] I2cTimingTraitement:320 - 0x00303D5B
2025-12-15 12:20:26,467 [INFO] I2cTimingTraitement:320 - 0x00303D5B
2025-12-15 12:20:26,483 [INFO] I2cTimingTraitement:320 - 0x00303D5B
2025-12-15 14:21:10,677 [INFO] Activator:178 - 


2025-12-15 14:21:10,685 [INFO] Activator:179 - !SESSION log4j initialized
2025-12-15 16:13:41,300 [INFO] Activator:178 - 


2025-12-15 16:13:41,300 [INFO] Activator:179 - !SESSION log4j initialized
2025-12-16 09:26:33,532 [INFO] Activator:178 - 


2025-12-16 09:26:33,532 [INFO] Activator:179 - !SESSION log4j initialized
2025-12-18 09:13:58,420 [INFO] Activator:178 - 


2025-12-18 09:13:58,436 [INFO] Activator:179 - !SESSION log4j initialized
